-- The C compiler identification is GNU 11.4.0
-- The CXX compiler identification is GNU 11.4.0
-- Detecting C compiler ABI info
-- Detecting C compiler ABI info - done
-- Check for working C compiler: /usr/bin/cc - skipped
-- Detecting C compile features
-- Detecting C compile features - done
-- Detecting CXX compiler ABI info
-- Detecting CXX compiler ABI info - done
-- Check for working CXX compiler: /usr/bin/c++ - skipped
-- Detecting CXX compile features
-- Detecting CXX compile features - done
-- Found ament_cmake: 1.3.9 (/opt/ros/humble/share/ament_cmake/cmake)
-- Found Python3: /usr/bin/python3 (found version "3.10.12") found components: Interpreter 
-- Found rclcpp: 16.0.9 (/opt/ros/humble/share/rclcpp/cmake)
-- Found rosidl_generator_c: 3.1.5 (/opt/ros/humble/share/rosidl_generator_c/cmake)
-- Found rosidl_adapter: 3.1.5 (/opt/ros/humble/share/rosidl_adapter/cmake)
-- Found rosidl_generator_cpp: 3.1.5 (/opt/ros/humble/share/rosidl_generator_cpp/cmake)
-- Using all available rosidl_typesupport_c: rosidl_typesupport_fastrtps_c;rosidl_typesupport_introspection_c
-- Using all available rosidl_typesupport_cpp: rosidl_typesupport_fastrtps_cpp;rosidl_typesupport_introspection_cpp
-- Found rmw_implementation_cmake: 6.1.2 (/opt/ros/humble/share/rmw_implementation_cmake/cmake)
-- Found rmw_fastrtps_cpp: 6.2.6 (/opt/ros/humble/share/rmw_fastrtps_cpp/cmake)
-- Found OpenSSL: /usr/lib/x86_64-linux-gnu/libcrypto.so (found version "3.0.2")  
-- Found FastRTPS: /opt/ros/humble/include  
-- Using RMW implementation 'rmw_fastrtps_cpp' as default
-- Looking for pthread.h
-- Looking for pthread.h - found
-- Performing Test CMAKE_HAVE_LIBC_PTHREAD
-- Performing Test CMAKE_HAVE_LIBC_PTHREAD - Success
-- Found Threads: TRUE  
-- Found sensor_msgs: 4.2.4 (/opt/ros/humble/share/sensor_msgs/cmake)
-- Found OpenCV: /usr (found version "4.5.4") 
-- Found cv_bridge: 3.2.1 (/opt/ros/humble/share/cv_bridge/cmake)
-- Configuring done
-- Generating done
-- Build files have been written to: /home/student/ros2_ws/src/build/laser_scan_to_image
[ 50%] [32mBuilding CXX object CMakeFiles/scan_matching_localizer.dir/src/scan_matching_localizer.cpp.o[0m
[100%] [32m[1mLinking CXX executable scan_matching_localizer[0m
[100%] Built target scan_matching_localizer
-- Install configuration: ""
-- Installing: /home/student/ros2_ws/src/install/laser_scan_to_image/lib/laser_scan_to_image/scan_matching_localizer
-- Set runtime path of "/home/student/ros2_ws/src/install/laser_scan_to_image/lib/laser_scan_to_image/scan_matching_localizer" to ""
-- Installing: /home/student/ros2_ws/src/install/laser_scan_to_image/share/ament_index/resource_index/package_run_dependencies/laser_scan_to_image
-- Installing: /home/student/ros2_ws/src/install/laser_scan_to_image/share/ament_index/resource_index/parent_prefix_path/laser_scan_to_image
-- Installing: /home/student/ros2_ws/src/install/laser_scan_to_image/share/laser_scan_to_image/environment/ament_prefix_path.sh
-- Installing: /home/student/ros2_ws/src/install/laser_scan_to_image/share/laser_scan_to_image/environment/ament_prefix_path.dsv
-- Installing: /home/student/ros2_ws/src/install/laser_scan_to_image/share/laser_scan_to_image/environment/path.sh
-- Installing: /home/student/ros2_ws/src/install/laser_scan_to_image/share/laser_scan_to_image/environment/path.dsv
-- Installing: /home/student/ros2_ws/src/install/laser_scan_to_image/share/laser_scan_to_image/local_setup.bash
-- Installing: /home/student/ros2_ws/src/install/laser_scan_to_image/share/laser_scan_to_image/local_setup.sh
-- Installing: /home/student/ros2_ws/src/install/laser_scan_to_image/share/laser_scan_to_image/local_setup.zsh
-- Installing: /home/student/ros2_ws/src/install/laser_scan_to_image/share/laser_scan_to_image/local_setup.dsv
-- Installing: /home/student/ros2_ws/src/install/laser_scan_to_image/share/laser_scan_to_image/package.dsv
-- Installing: /home/student/ros2_ws/src/install/laser_scan_to_image/share/ament_index/resource_index/packages/laser_scan_to_image
-- Installing: /home/student/ros2_ws/src/install/laser_scan_to_image/share/laser_scan_to_image/cmake/laser_scan_to_imageConfig.cmake
-- Installing: /home/student/ros2_ws/src/install/laser_scan_to_image/share/laser_scan_to_image/cmake/laser_scan_to_imageConfig-version.cmake
-- Installing: /home/student/ros2_ws/src/install/laser_scan_to_image/share/laser_scan_to_image/package.xml
