[0.073s] Invoking command in '/home/student/ros2_ws/src/build/laser_scan_to_image': /usr/bin/cmake /home/student/ros2_ws/src/laser_scan_to_image -DCATKIN_INSTALL_INTO_PREFIX_ROOT=0 -DCMAKE_INSTALL_PREFIX=/home/student/ros2_ws/src/install/laser_scan_to_image
[0.186s] -- The C compiler identification is GNU 11.4.0
[0.280s] -- The CXX compiler identification is GNU 11.4.0
[0.291s] -- Detecting C compiler ABI info
[0.442s] -- Detecting C compiler ABI info - done
[0.456s] -- Check for working C compiler: /usr/bin/cc - skipped
[0.456s] -- Detecting C compile features
[0.457s] -- Detecting C compile features - done
[0.462s] -- Detecting CXX compiler ABI info
[0.635s] -- Detecting CXX compiler ABI info - done
[0.641s] -- Check for working CXX compiler: /usr/bin/c++ - skipped
[0.642s] -- Detecting CXX compile features
[0.643s] -- Detecting CXX compile features - done
[0.652s] -- Found ament_cmake: 1.3.9 (/opt/ros/humble/share/ament_cmake/cmake)
[0.919s] -- Found Python3: /usr/bin/python3 (found version "3.10.12") found components: Interpreter 
[1.143s] -- Found rclcpp: 16.0.9 (/opt/ros/humble/share/rclcpp/cmake)
[1.270s] -- Found rosidl_generator_c: 3.1.5 (/opt/ros/humble/share/rosidl_generator_c/cmake)
[1.289s] -- Found rosidl_adapter: 3.1.5 (/opt/ros/humble/share/rosidl_adapter/cmake)
[1.313s] -- Found rosidl_generator_cpp: 3.1.5 (/opt/ros/humble/share/rosidl_generator_cpp/cmake)
[1.348s] -- Using all available rosidl_typesupport_c: rosidl_typesupport_fastrtps_c;rosidl_typesupport_introspection_c
[1.400s] -- Using all available rosidl_typesupport_cpp: rosidl_typesupport_fastrtps_cpp;rosidl_typesupport_introspection_cpp
[1.580s] -- Found rmw_implementation_cmake: 6.1.2 (/opt/ros/humble/share/rmw_implementation_cmake/cmake)
[1.591s] -- Found rmw_fastrtps_cpp: 6.2.6 (/opt/ros/humble/share/rmw_fastrtps_cpp/cmake)
[1.796s] -- Found OpenSSL: /usr/lib/x86_64-linux-gnu/libcrypto.so (found version "3.0.2")  
[1.853s] -- Found FastRTPS: /opt/ros/humble/include  
[1.973s] -- Using RMW implementation 'rmw_fastrtps_cpp' as default
[2.003s] -- Looking for pthread.h
[2.141s] -- Looking for pthread.h - found
[2.143s] -- Performing Test CMAKE_HAVE_LIBC_PTHREAD
[2.281s] -- Performing Test CMAKE_HAVE_LIBC_PTHREAD - Success
[2.283s] -- Found Threads: TRUE  
[2.618s] -- Found sensor_msgs: 4.2.4 (/opt/ros/humble/share/sensor_msgs/cmake)
[2.874s] -- Found OpenCV: /usr (found version "4.5.4") 
[2.881s] -- Found cv_bridge: 3.2.1 (/opt/ros/humble/share/cv_bridge/cmake)
[3.034s] -- Configuring done
[3.058s] -- Generating done
[3.060s] [33mCMake Warning:
[3.060s]   Manually-specified variables were not used by the project:
[3.060s] 
[3.061s]     CATKIN_INSTALL_INTO_PREFIX_ROOT
[3.061s] 
[3.061s] [0m
[3.061s] -- Build files have been written to: /home/student/ros2_ws/src/build/laser_scan_to_image
[3.096s] Invoked command in '/home/student/ros2_ws/src/build/laser_scan_to_image' returned '0': /usr/bin/cmake /home/student/ros2_ws/src/laser_scan_to_image -DCATKIN_INSTALL_INTO_PREFIX_ROOT=0 -DCMAKE_INSTALL_PREFIX=/home/student/ros2_ws/src/install/laser_scan_to_image
[3.097s] Invoking command in '/home/student/ros2_ws/src/build/laser_scan_to_image': /usr/bin/cmake --build /home/student/ros2_ws/src/build/laser_scan_to_image -- -j8 -l8
[3.185s] [ 50%] [32mBuilding CXX object CMakeFiles/scan_matching_localizer.dir/src/scan_matching_localizer.cpp.o[0m
[21.362s] [100%] [32m[1mLinking CXX executable scan_matching_localizer[0m
[22.660s] [100%] Built target scan_matching_localizer
[22.692s] Invoked command in '/home/student/ros2_ws/src/build/laser_scan_to_image' returned '0': /usr/bin/cmake --build /home/student/ros2_ws/src/build/laser_scan_to_image -- -j8 -l8
[22.781s] Invoking command in '/home/student/ros2_ws/src/build/laser_scan_to_image': /usr/bin/cmake --install /home/student/ros2_ws/src/build/laser_scan_to_image
[23.528s] -- Install configuration: ""
[23.528s] -- Installing: /home/student/ros2_ws/src/install/laser_scan_to_image/lib/laser_scan_to_image/scan_matching_localizer
[23.528s] -- Set runtime path of "/home/student/ros2_ws/src/install/laser_scan_to_image/lib/laser_scan_to_image/scan_matching_localizer" to ""
[23.528s] -- Installing: /home/student/ros2_ws/src/install/laser_scan_to_image/share/ament_index/resource_index/package_run_dependencies/laser_scan_to_image
[23.528s] -- Installing: /home/student/ros2_ws/src/install/laser_scan_to_image/share/ament_index/resource_index/parent_prefix_path/laser_scan_to_image
[23.529s] -- Installing: /home/student/ros2_ws/src/install/laser_scan_to_image/share/laser_scan_to_image/environment/ament_prefix_path.sh
[23.529s] -- Installing: /home/student/ros2_ws/src/install/laser_scan_to_image/share/laser_scan_to_image/environment/ament_prefix_path.dsv
[23.529s] -- Installing: /home/student/ros2_ws/src/install/laser_scan_to_image/share/laser_scan_to_image/environment/path.sh
[23.529s] -- Installing: /home/student/ros2_ws/src/install/laser_scan_to_image/share/laser_scan_to_image/environment/path.dsv
[23.529s] -- Installing: /home/student/ros2_ws/src/install/laser_scan_to_image/share/laser_scan_to_image/local_setup.bash
[23.529s] -- Installing: /home/student/ros2_ws/src/install/laser_scan_to_image/share/laser_scan_to_image/local_setup.sh
[23.529s] -- Installing: /home/student/ros2_ws/src/install/laser_scan_to_image/share/laser_scan_to_image/local_setup.zsh
[23.530s] -- Installing: /home/student/ros2_ws/src/install/laser_scan_to_image/share/laser_scan_to_image/local_setup.dsv
[23.530s] -- Installing: /home/student/ros2_ws/src/install/laser_scan_to_image/share/laser_scan_to_image/package.dsv
[23.530s] -- Installing: /home/student/ros2_ws/src/install/laser_scan_to_image/share/ament_index/resource_index/packages/laser_scan_to_image
[23.530s] -- Installing: /home/student/ros2_ws/src/install/laser_scan_to_image/share/laser_scan_to_image/cmake/laser_scan_to_imageConfig.cmake
[23.530s] -- Installing: /home/student/ros2_ws/src/install/laser_scan_to_image/share/laser_scan_to_image/cmake/laser_scan_to_imageConfig-version.cmake
[23.530s] -- Installing: /home/student/ros2_ws/src/install/laser_scan_to_image/share/laser_scan_to_image/package.xml
[23.532s] Invoked command in '/home/student/ros2_ws/src/build/laser_scan_to_image' returned '0': /usr/bin/cmake --install /home/student/ros2_ws/src/build/laser_scan_to_image
