-- The C compiler identification is GNU 11.4.0
-- The CXX compiler identification is GNU 11.4.0
-- Detecting C compiler ABI info
-- Detecting C compiler ABI info - done
-- Check for working C compiler: /usr/bin/cc - skipped
-- Detecting C compile features
-- Detecting C compile features - done
-- Detecting CXX compiler ABI info
-- Detecting CXX compiler ABI info - done
-- Check for working CXX compiler: /usr/bin/c++ - skipped
-- Detecting CXX compile features
-- Detecting CXX compile features - done
-- Found ament_cmake: 1.3.9 (/opt/ros/humble/share/ament_cmake/cmake)
-- Found Python3: /usr/bin/python3 (found version "3.10.12") found components: Interpreter 
-- Found rclcpp: 16.0.9 (/opt/ros/humble/share/rclcpp/cmake)
-- Found rosidl_generator_c: 3.1.5 (/opt/ros/humble/share/rosidl_generator_c/cmake)
-- Found rosidl_adapter: 3.1.5 (/opt/ros/humble/share/rosidl_adapter/cmake)
-- Found rosidl_generator_cpp: 3.1.5 (/opt/ros/humble/share/rosidl_generator_cpp/cmake)
-- Using all available rosidl_typesupport_c: rosidl_typesupport_fastrtps_c;rosidl_typesupport_introspection_c
-- Using all available rosidl_typesupport_cpp: rosidl_typesupport_fastrtps_cpp;rosidl_typesupport_introspection_cpp
-- Found rmw_implementation_cmake: 6.1.2 (/opt/ros/humble/share/rmw_implementation_cmake/cmake)
-- Found rmw_fastrtps_cpp: 6.2.6 (/opt/ros/humble/share/rmw_fastrtps_cpp/cmake)
-- Found OpenSSL: /usr/lib/x86_64-linux-gnu/libcrypto.so (found version "3.0.2")  
-- Found FastRTPS: /opt/ros/humble/include  
-- Using RMW implementation 'rmw_fastrtps_cpp' as default
-- Looking for pthread.h
-- Looking for pthread.h - found
-- Performing Test CMAKE_HAVE_LIBC_PTHREAD
-- Performing Test CMAKE_HAVE_LIBC_PTHREAD - Success
-- Found Threads: TRUE  
-- Found geometry_msgs: 4.2.4 (/opt/ros/humble/share/geometry_msgs/cmake)
-- Found nav2_amcl: 1.1.16 (/opt/ros/humble/share/nav2_amcl/cmake)
-- Found eigen3_cmake_module: 0.1.1 (/opt/ros/humble/share/eigen3_cmake_module/cmake)
-- Found Eigen3: TRUE (found version "3.4.0") 
-- Ensuring Eigen3 include directory is part of orocos-kdl CMake target
-- Found nav2_map_server: 1.1.15 (/opt/ros/humble/share/nav2_map_server/cmake)
-- Found nav2_lifecycle_manager: 1.1.15 (/opt/ros/humble/share/nav2_lifecycle_manager/cmake)
-- Found robot_state_publisher: 3.0.3 (/opt/ros/humble/share/robot_state_publisher/cmake)
-- Found ament_lint_auto: 0.12.11 (/opt/ros/humble/share/ament_lint_auto/cmake)
-- Configuring done
-- Generating done
-- Build files have been written to: /home/student/ros2_ws/src/build/s2_localizer
-- Install configuration: ""
-- Installing: /home/student/ros2_ws/src/install/s2_localizer/share/s2_localizer/launch
-- Installing: /home/student/ros2_ws/src/install/s2_localizer/share/s2_localizer/launch/localization.launch.py
-- Installing: /home/student/ros2_ws/src/install/s2_localizer/share/ament_index/resource_index/package_run_dependencies/s2_localizer
-- Installing: /home/student/ros2_ws/src/install/s2_localizer/share/ament_index/resource_index/parent_prefix_path/s2_localizer
-- Installing: /home/student/ros2_ws/src/install/s2_localizer/share/s2_localizer/environment/ament_prefix_path.sh
-- Installing: /home/student/ros2_ws/src/install/s2_localizer/share/s2_localizer/environment/ament_prefix_path.dsv
-- Installing: /home/student/ros2_ws/src/install/s2_localizer/share/s2_localizer/environment/path.sh
-- Installing: /home/student/ros2_ws/src/install/s2_localizer/share/s2_localizer/environment/path.dsv
-- Installing: /home/student/ros2_ws/src/install/s2_localizer/share/s2_localizer/local_setup.bash
-- Installing: /home/student/ros2_ws/src/install/s2_localizer/share/s2_localizer/local_setup.sh
-- Installing: /home/student/ros2_ws/src/install/s2_localizer/share/s2_localizer/local_setup.zsh
-- Installing: /home/student/ros2_ws/src/install/s2_localizer/share/s2_localizer/local_setup.dsv
-- Installing: /home/student/ros2_ws/src/install/s2_localizer/share/s2_localizer/package.dsv
-- Installing: /home/student/ros2_ws/src/install/s2_localizer/share/ament_index/resource_index/packages/s2_localizer
-- Installing: /home/student/ros2_ws/src/install/s2_localizer/share/s2_localizer/cmake/s2_localizerConfig.cmake
-- Installing: /home/student/ros2_ws/src/install/s2_localizer/share/s2_localizer/cmake/s2_localizerConfig-version.cmake
-- Installing: /home/student/ros2_ws/src/install/s2_localizer/share/s2_localizer/package.xml
