-- The C compiler identification is GNU 11.4.0
-- The CXX compiler identification is GNU 11.4.0
-- Detecting C compiler ABI info
-- Detecting C compiler ABI info - done
-- Check for working C compiler: /usr/bin/cc - skipped
-- Detecting C compile features
-- Detecting C compile features - done
-- Detecting CXX compiler ABI info
-- Detecting CXX compiler ABI info - done
-- Check for working CXX compiler: /usr/bin/c++ - skipped
-- Detecting CXX compile features
-- Detecting CXX compile features - done
-- Found ament_cmake: 1.3.9 (/opt/ros/humble/share/ament_cmake/cmake)
-- Found Python3: /usr/bin/python3 (found version "3.10.12") found components: Interpreter 
-- Found rclcpp: 16.0.9 (/opt/ros/humble/share/rclcpp/cmake)
-- Found rosidl_generator_c: 3.1.5 (/opt/ros/humble/share/rosidl_generator_c/cmake)
-- Found rosidl_adapter: 3.1.5 (/opt/ros/humble/share/rosidl_adapter/cmake)
-- Found rosidl_generator_cpp: 3.1.5 (/opt/ros/humble/share/rosidl_generator_cpp/cmake)
-- Using all available rosidl_typesupport_c: rosidl_typesupport_fastrtps_c;rosidl_typesupport_introspection_c
-- Using all available rosidl_typesupport_cpp: rosidl_typesupport_fastrtps_cpp;rosidl_typesupport_introspection_cpp
-- Found rmw_implementation_cmake: 6.1.2 (/opt/ros/humble/share/rmw_implementation_cmake/cmake)
-- Found rmw_fastrtps_cpp: 6.2.6 (/opt/ros/humble/share/rmw_fastrtps_cpp/cmake)
-- Found OpenSSL: /usr/lib/x86_64-linux-gnu/libcrypto.so (found version "3.0.2")  
-- Found FastRTPS: /opt/ros/humble/include  
-- Using RMW implementation 'rmw_fastrtps_cpp' as default
-- Looking for pthread.h
-- Looking for pthread.h - found
-- Performing Test CMAKE_HAVE_LIBC_PTHREAD
-- Performing Test CMAKE_HAVE_LIBC_PTHREAD - Success
-- Found Threads: TRUE  
-- Found geometry_msgs: 4.2.4 (/opt/ros/humble/share/geometry_msgs/cmake)
-- Found nav2_util: 1.1.15 (/opt/ros/humble/share/nav2_util/cmake)
-- Found eigen3_cmake_module: 0.1.1 (/opt/ros/humble/share/eigen3_cmake_module/cmake)
-- Found Eigen3: TRUE (found version "3.4.0") 
-- Ensuring Eigen3 include directory is part of orocos-kdl CMake target
-- Configuring done
-- Generating done
-- Build files have been written to: /home/student/ros2_ws/src/build/scamazon_navigation
[ 50%] [32mBuilding CXX object CMakeFiles/reach_goals.dir/src/reach_goals.cpp.o[0m
[100%] [32m[1mLinking CXX executable reach_goals[0m
[100%] Built target reach_goals
-- Install configuration: ""
-- Installing: /home/student/ros2_ws/src/install/scamazon_navigation/lib/scamazon_navigation/reach_goals
-- Set runtime path of "/home/student/ros2_ws/src/install/scamazon_navigation/lib/scamazon_navigation/reach_goals" to ""
-- Installing: /home/student/ros2_ws/src/install/scamazon_navigation/share/ament_index/resource_index/package_run_dependencies/scamazon_navigation
-- Installing: /home/student/ros2_ws/src/install/scamazon_navigation/share/ament_index/resource_index/parent_prefix_path/scamazon_navigation
-- Installing: /home/student/ros2_ws/src/install/scamazon_navigation/share/scamazon_navigation/environment/ament_prefix_path.sh
-- Installing: /home/student/ros2_ws/src/install/scamazon_navigation/share/scamazon_navigation/environment/ament_prefix_path.dsv
-- Installing: /home/student/ros2_ws/src/install/scamazon_navigation/share/scamazon_navigation/environment/path.sh
-- Installing: /home/student/ros2_ws/src/install/scamazon_navigation/share/scamazon_navigation/environment/path.dsv
-- Installing: /home/student/ros2_ws/src/install/scamazon_navigation/share/scamazon_navigation/local_setup.bash
-- Installing: /home/student/ros2_ws/src/install/scamazon_navigation/share/scamazon_navigation/local_setup.sh
-- Installing: /home/student/ros2_ws/src/install/scamazon_navigation/share/scamazon_navigation/local_setup.zsh
-- Installing: /home/student/ros2_ws/src/install/scamazon_navigation/share/scamazon_navigation/local_setup.dsv
-- Installing: /home/student/ros2_ws/src/install/scamazon_navigation/share/scamazon_navigation/package.dsv
-- Installing: /home/student/ros2_ws/src/install/scamazon_navigation/share/ament_index/resource_index/packages/scamazon_navigation
-- Installing: /home/student/ros2_ws/src/install/scamazon_navigation/share/scamazon_navigation/cmake/scamazon_navigationConfig.cmake
-- Installing: /home/student/ros2_ws/src/install/scamazon_navigation/share/scamazon_navigation/cmake/scamazon_navigationConfig-version.cmake
-- Installing: /home/student/ros2_ws/src/install/scamazon_navigation/share/scamazon_navigation/package.xml
