[0.024s] Invoking command in '/home/student/ros2_ws/src/build/turtlebot3_perception': CMAKE_PREFIX_PATH=/home/student/ros2_ws/install/warehouse_navigation:/home/student/ros2_ws/install/turtlesim:/home/student/ros2_ws/install/turtlebot3:/home/student/ros2_ws/install/turtlebot3_simulations:/home/student/ros2_ws/install/turtlebot3_perception:/home/student/ros2_ws/install/turtlebot3_bringup:/home/student/ros2_ws/install/turtlebot3_node:/home/student/ros2_ws/install/turtlebot3_navigation:/home/student/ros2_ws/install/turtlebot3_fake_node:/home/student/ros2_ws/install/turtlebot3_lidar_processing:/home/student/ros2_ws/install/turtlebot3_image_subscriber:/home/student/ros2_ws/install/turtlebot3_image_processing:/home/student/ros2_ws/install/turtlebot3_goal_sender:/home/student/ros2_ws/install/sprint_2_localiser:/home/student/ros2_ws/install/simple_localizer:/home/student/ros2_ws/install/scan_matching_localizer_tejas:/home/student/ros2_ws/install/dynamixel_sdk_examples:/home/student/ros2_ws/install/turtlebot3_navigation2:/home/student/ros2_ws/install/turtlebot3_msgs:/home/student/ros2_ws/install/turtlebot3_gazebo:/home/student/ros2_ws/install/turtlebot3_description:/home/student/ros2_ws/install/turtlebot3_cartographer:/home/student/ros2_ws/install/scamazon_navigation:/home/student/ros2_ws/install/s2_localizer:/home/student/ros2_ws/install/move_turtlebot:/home/student/ros2_ws/install/localization:/home/student/ros2_ws/install/turtlebot3_example:/home/student/ros2_ws/install/turtlebot3_teleop:/home/student/ros2_ws/install/sml_graph:/opt/ros/humble:/home/student/ros2_ws/install/laser_scan_to_image:/home/student/ros2_ws/install/laser_scan_filter:/home/student/ros2_ws/install/dynamixel_sdk_custom_interfaces:/home/student/ros2_ws/install/dynamixel_sdk /usr/bin/cmake /home/student/ros2_ws/src/turtlebot3_perception -DCMAKE_INSTALL_PREFIX=/home/student/ros2_ws/src/install/turtlebot3_perception
[0.447s] -- The C compiler identification is GNU 11.4.0
[0.447s] -- The CXX compiler identification is GNU 11.4.0
[0.447s] -- Detecting C compiler ABI info
[0.447s] -- Detecting C compiler ABI info - done
[0.463s] -- Check for working C compiler: /usr/bin/cc - skipped
[0.463s] -- Detecting C compile features
[0.464s] -- Detecting C compile features - done
[0.469s] -- Detecting CXX compiler ABI info
[0.651s] -- Detecting CXX compiler ABI info - done
[0.665s] -- Check for working CXX compiler: /usr/bin/c++ - skipped
[0.666s] -- Detecting CXX compile features
[0.667s] -- Detecting CXX compile features - done
[0.675s] -- Found ament_cmake: 1.3.9 (/opt/ros/humble/share/ament_cmake/cmake)
[0.945s] -- Found Python3: /usr/bin/python3 (found version "3.10.12") found components: Interpreter 
[1.159s] -- Found rclcpp: 16.0.9 (/opt/ros/humble/share/rclcpp/cmake)
[1.279s] -- Found rosidl_generator_c: 3.1.5 (/opt/ros/humble/share/rosidl_generator_c/cmake)
[1.297s] -- Found rosidl_adapter: 3.1.5 (/opt/ros/humble/share/rosidl_adapter/cmake)
[1.320s] -- Found rosidl_generator_cpp: 3.1.5 (/opt/ros/humble/share/rosidl_generator_cpp/cmake)
[1.355s] -- Using all available rosidl_typesupport_c: rosidl_typesupport_fastrtps_c;rosidl_typesupport_introspection_c
[1.404s] -- Using all available rosidl_typesupport_cpp: rosidl_typesupport_fastrtps_cpp;rosidl_typesupport_introspection_cpp
[1.575s] -- Found rmw_implementation_cmake: 6.1.2 (/opt/ros/humble/share/rmw_implementation_cmake/cmake)
[1.585s] -- Found rmw_fastrtps_cpp: 6.2.6 (/opt/ros/humble/share/rmw_fastrtps_cpp/cmake)
[1.794s] -- Found OpenSSL: /usr/lib/x86_64-linux-gnu/libcrypto.so (found version "3.0.2")  
[1.851s] -- Found FastRTPS: /opt/ros/humble/include  
[1.947s] -- Using RMW implementation 'rmw_fastrtps_cpp' as default
[1.977s] -- Looking for pthread.h
[2.110s] -- Looking for pthread.h - found
[2.111s] -- Performing Test CMAKE_HAVE_LIBC_PTHREAD
[2.248s] -- Performing Test CMAKE_HAVE_LIBC_PTHREAD - Success
[2.251s] -- Found Threads: TRUE  
[2.574s] -- Found sensor_msgs: 4.2.4 (/opt/ros/humble/share/sensor_msgs/cmake)
[2.828s] -- Found ament_lint_auto: 0.12.11 (/opt/ros/humble/share/ament_lint_auto/cmake)
[3.017s] -- Added test 'copyright' to check source files copyright and LICENSE
[3.028s] -- Added test 'cppcheck' to perform static code analysis on C / C++ code
[3.028s] -- Configured cppcheck include dirs: 
[3.028s] -- Configured cppcheck exclude dirs and/or files: 
[3.041s] -- Added test 'cpplint' to check C / C++ code against the Google style
[3.042s] -- Configured cpplint exclude dirs and/or files: 
[3.044s] -- Added test 'lint_cmake' to check CMake code style
[3.055s] -- Added test 'uncrustify' to check C / C++ code style
[3.055s] -- Configured uncrustify additional arguments: 
[3.058s] -- Added test 'xmllint' to check XML markup files
[3.063s] -- Configuring done
[3.082s] -- Generating done
[3.086s] -- Build files have been written to: /home/student/ros2_ws/src/build/turtlebot3_perception
[3.114s] Invoked command in '/home/student/ros2_ws/src/build/turtlebot3_perception' returned '0': CMAKE_PREFIX_PATH=/home/student/ros2_ws/install/warehouse_navigation:/home/student/ros2_ws/install/turtlesim:/home/student/ros2_ws/install/turtlebot3:/home/student/ros2_ws/install/turtlebot3_simulations:/home/student/ros2_ws/install/turtlebot3_perception:/home/student/ros2_ws/install/turtlebot3_bringup:/home/student/ros2_ws/install/turtlebot3_node:/home/student/ros2_ws/install/turtlebot3_navigation:/home/student/ros2_ws/install/turtlebot3_fake_node:/home/student/ros2_ws/install/turtlebot3_lidar_processing:/home/student/ros2_ws/install/turtlebot3_image_subscriber:/home/student/ros2_ws/install/turtlebot3_image_processing:/home/student/ros2_ws/install/turtlebot3_goal_sender:/home/student/ros2_ws/install/sprint_2_localiser:/home/student/ros2_ws/install/simple_localizer:/home/student/ros2_ws/install/scan_matching_localizer_tejas:/home/student/ros2_ws/install/dynamixel_sdk_examples:/home/student/ros2_ws/install/turtlebot3_navigation2:/home/student/ros2_ws/install/turtlebot3_msgs:/home/student/ros2_ws/install/turtlebot3_gazebo:/home/student/ros2_ws/install/turtlebot3_description:/home/student/ros2_ws/install/turtlebot3_cartographer:/home/student/ros2_ws/install/scamazon_navigation:/home/student/ros2_ws/install/s2_localizer:/home/student/ros2_ws/install/move_turtlebot:/home/student/ros2_ws/install/localization:/home/student/ros2_ws/install/turtlebot3_example:/home/student/ros2_ws/install/turtlebot3_teleop:/home/student/ros2_ws/install/sml_graph:/opt/ros/humble:/home/student/ros2_ws/install/laser_scan_to_image:/home/student/ros2_ws/install/laser_scan_filter:/home/student/ros2_ws/install/dynamixel_sdk_custom_interfaces:/home/student/ros2_ws/install/dynamixel_sdk /usr/bin/cmake /home/student/ros2_ws/src/turtlebot3_perception -DCMAKE_INSTALL_PREFIX=/home/student/ros2_ws/src/install/turtlebot3_perception
[3.115s] Invoking command in '/home/student/ros2_ws/src/build/turtlebot3_perception': CMAKE_PREFIX_PATH=/home/student/ros2_ws/install/warehouse_navigation:/home/student/ros2_ws/install/turtlesim:/home/student/ros2_ws/install/turtlebot3:/home/student/ros2_ws/install/turtlebot3_simulations:/home/student/ros2_ws/install/turtlebot3_perception:/home/student/ros2_ws/install/turtlebot3_bringup:/home/student/ros2_ws/install/turtlebot3_node:/home/student/ros2_ws/install/turtlebot3_navigation:/home/student/ros2_ws/install/turtlebot3_fake_node:/home/student/ros2_ws/install/turtlebot3_lidar_processing:/home/student/ros2_ws/install/turtlebot3_image_subscriber:/home/student/ros2_ws/install/turtlebot3_image_processing:/home/student/ros2_ws/install/turtlebot3_goal_sender:/home/student/ros2_ws/install/sprint_2_localiser:/home/student/ros2_ws/install/simple_localizer:/home/student/ros2_ws/install/scan_matching_localizer_tejas:/home/student/ros2_ws/install/dynamixel_sdk_examples:/home/student/ros2_ws/install/turtlebot3_navigation2:/home/student/ros2_ws/install/turtlebot3_msgs:/home/student/ros2_ws/install/turtlebot3_gazebo:/home/student/ros2_ws/install/turtlebot3_description:/home/student/ros2_ws/install/turtlebot3_cartographer:/home/student/ros2_ws/install/scamazon_navigation:/home/student/ros2_ws/install/s2_localizer:/home/student/ros2_ws/install/move_turtlebot:/home/student/ros2_ws/install/localization:/home/student/ros2_ws/install/turtlebot3_example:/home/student/ros2_ws/install/turtlebot3_teleop:/home/student/ros2_ws/install/sml_graph:/opt/ros/humble:/home/student/ros2_ws/install/laser_scan_to_image:/home/student/ros2_ws/install/laser_scan_filter:/home/student/ros2_ws/install/dynamixel_sdk_custom_interfaces:/home/student/ros2_ws/install/dynamixel_sdk /usr/bin/cmake --build /home/student/ros2_ws/src/build/turtlebot3_perception -- -j8 -l8
[3.473s] [ 50%] [32mBuilding CXX object CMakeFiles/laser_scan_processor.dir/src/laser_scan_processor.cpp.o[0m
[20.949s] [100%] [32m[1mLinking CXX executable laser_scan_processor[0m
[21.673s] [100%] Built target laser_scan_processor
[21.699s] Invoked command in '/home/student/ros2_ws/src/build/turtlebot3_perception' returned '0': CMAKE_PREFIX_PATH=/home/student/ros2_ws/install/warehouse_navigation:/home/student/ros2_ws/install/turtlesim:/home/student/ros2_ws/install/turtlebot3:/home/student/ros2_ws/install/turtlebot3_simulations:/home/student/ros2_ws/install/turtlebot3_perception:/home/student/ros2_ws/install/turtlebot3_bringup:/home/student/ros2_ws/install/turtlebot3_node:/home/student/ros2_ws/install/turtlebot3_navigation:/home/student/ros2_ws/install/turtlebot3_fake_node:/home/student/ros2_ws/install/turtlebot3_lidar_processing:/home/student/ros2_ws/install/turtlebot3_image_subscriber:/home/student/ros2_ws/install/turtlebot3_image_processing:/home/student/ros2_ws/install/turtlebot3_goal_sender:/home/student/ros2_ws/install/sprint_2_localiser:/home/student/ros2_ws/install/simple_localizer:/home/student/ros2_ws/install/scan_matching_localizer_tejas:/home/student/ros2_ws/install/dynamixel_sdk_examples:/home/student/ros2_ws/install/turtlebot3_navigation2:/home/student/ros2_ws/install/turtlebot3_msgs:/home/student/ros2_ws/install/turtlebot3_gazebo:/home/student/ros2_ws/install/turtlebot3_description:/home/student/ros2_ws/install/turtlebot3_cartographer:/home/student/ros2_ws/install/scamazon_navigation:/home/student/ros2_ws/install/s2_localizer:/home/student/ros2_ws/install/move_turtlebot:/home/student/ros2_ws/install/localization:/home/student/ros2_ws/install/turtlebot3_example:/home/student/ros2_ws/install/turtlebot3_teleop:/home/student/ros2_ws/install/sml_graph:/opt/ros/humble:/home/student/ros2_ws/install/laser_scan_to_image:/home/student/ros2_ws/install/laser_scan_filter:/home/student/ros2_ws/install/dynamixel_sdk_custom_interfaces:/home/student/ros2_ws/install/dynamixel_sdk /usr/bin/cmake --build /home/student/ros2_ws/src/build/turtlebot3_perception -- -j8 -l8
[22.019s] Invoking command in '/home/student/ros2_ws/src/build/turtlebot3_perception': CMAKE_PREFIX_PATH=/home/student/ros2_ws/install/warehouse_navigation:/home/student/ros2_ws/install/turtlesim:/home/student/ros2_ws/install/turtlebot3:/home/student/ros2_ws/install/turtlebot3_simulations:/home/student/ros2_ws/install/turtlebot3_perception:/home/student/ros2_ws/install/turtlebot3_bringup:/home/student/ros2_ws/install/turtlebot3_node:/home/student/ros2_ws/install/turtlebot3_navigation:/home/student/ros2_ws/install/turtlebot3_fake_node:/home/student/ros2_ws/install/turtlebot3_lidar_processing:/home/student/ros2_ws/install/turtlebot3_image_subscriber:/home/student/ros2_ws/install/turtlebot3_image_processing:/home/student/ros2_ws/install/turtlebot3_goal_sender:/home/student/ros2_ws/install/sprint_2_localiser:/home/student/ros2_ws/install/simple_localizer:/home/student/ros2_ws/install/scan_matching_localizer_tejas:/home/student/ros2_ws/install/dynamixel_sdk_examples:/home/student/ros2_ws/install/turtlebot3_navigation2:/home/student/ros2_ws/install/turtlebot3_msgs:/home/student/ros2_ws/install/turtlebot3_gazebo:/home/student/ros2_ws/install/turtlebot3_description:/home/student/ros2_ws/install/turtlebot3_cartographer:/home/student/ros2_ws/install/scamazon_navigation:/home/student/ros2_ws/install/s2_localizer:/home/student/ros2_ws/install/move_turtlebot:/home/student/ros2_ws/install/localization:/home/student/ros2_ws/install/turtlebot3_example:/home/student/ros2_ws/install/turtlebot3_teleop:/home/student/ros2_ws/install/sml_graph:/opt/ros/humble:/home/student/ros2_ws/install/laser_scan_to_image:/home/student/ros2_ws/install/laser_scan_filter:/home/student/ros2_ws/install/dynamixel_sdk_custom_interfaces:/home/student/ros2_ws/install/dynamixel_sdk /usr/bin/cmake --install /home/student/ros2_ws/src/build/turtlebot3_perception
[22.034s] -- Install configuration: ""
[22.051s] -- Installing: /home/student/ros2_ws/src/install/turtlebot3_perception/lib/turtlebot3_perception/laser_scan_processor
[22.078s] -- Set runtime path of "/home/student/ros2_ws/src/install/turtlebot3_perception/lib/turtlebot3_perception/laser_scan_processor" to ""
[22.078s] -- Installing: /home/student/ros2_ws/src/install/turtlebot3_perception/share/turtlebot3_perception//launch
[22.079s] -- Installing: /home/student/ros2_ws/src/install/turtlebot3_perception/share/ament_index/resource_index/package_run_dependencies/turtlebot3_perception
[22.080s] -- Installing: /home/student/ros2_ws/src/install/turtlebot3_perception/share/ament_index/resource_index/parent_prefix_path/turtlebot3_perception
[22.081s] -- Installing: /home/student/ros2_ws/src/install/turtlebot3_perception/share/turtlebot3_perception/environment/ament_prefix_path.sh
[22.081s] -- Installing: /home/student/ros2_ws/src/install/turtlebot3_perception/share/turtlebot3_perception/environment/ament_prefix_path.dsv
[22.082s] -- Installing: /home/student/ros2_ws/src/install/turtlebot3_perception/share/turtlebot3_perception/environment/path.sh
[22.083s] -- Installing: /home/student/ros2_ws/src/install/turtlebot3_perception/share/turtlebot3_perception/environment/path.dsv
[22.083s] -- Installing: /home/student/ros2_ws/src/install/turtlebot3_perception/share/turtlebot3_perception/local_setup.bash
[22.084s] -- Installing: /home/student/ros2_ws/src/install/turtlebot3_perception/share/turtlebot3_perception/local_setup.sh
[22.085s] -- Installing: /home/student/ros2_ws/src/install/turtlebot3_perception/share/turtlebot3_perception/local_setup.zsh
[22.085s] -- Installing: /home/student/ros2_ws/src/install/turtlebot3_perception/share/turtlebot3_perception/local_setup.dsv
[22.086s] -- Installing: /home/student/ros2_ws/src/install/turtlebot3_perception/share/turtlebot3_perception/package.dsv
[22.087s] -- Installing: /home/student/ros2_ws/src/install/turtlebot3_perception/share/ament_index/resource_index/packages/turtlebot3_perception
[22.087s] -- Installing: /home/student/ros2_ws/src/install/turtlebot3_perception/share/turtlebot3_perception/cmake/turtlebot3_perceptionConfig.cmake
[22.088s] -- Installing: /home/student/ros2_ws/src/install/turtlebot3_perception/share/turtlebot3_perception/cmake/turtlebot3_perceptionConfig-version.cmake
[22.088s] -- Installing: /home/student/ros2_ws/src/install/turtlebot3_perception/share/turtlebot3_perception/package.xml
[22.092s] Invoked command in '/home/student/ros2_ws/src/build/turtlebot3_perception' returned '0': CMAKE_PREFIX_PATH=/home/student/ros2_ws/install/warehouse_navigation:/home/student/ros2_ws/install/turtlesim:/home/student/ros2_ws/install/turtlebot3:/home/student/ros2_ws/install/turtlebot3_simulations:/home/student/ros2_ws/install/turtlebot3_perception:/home/student/ros2_ws/install/turtlebot3_bringup:/home/student/ros2_ws/install/turtlebot3_node:/home/student/ros2_ws/install/turtlebot3_navigation:/home/student/ros2_ws/install/turtlebot3_fake_node:/home/student/ros2_ws/install/turtlebot3_lidar_processing:/home/student/ros2_ws/install/turtlebot3_image_subscriber:/home/student/ros2_ws/install/turtlebot3_image_processing:/home/student/ros2_ws/install/turtlebot3_goal_sender:/home/student/ros2_ws/install/sprint_2_localiser:/home/student/ros2_ws/install/simple_localizer:/home/student/ros2_ws/install/scan_matching_localizer_tejas:/home/student/ros2_ws/install/dynamixel_sdk_examples:/home/student/ros2_ws/install/turtlebot3_navigation2:/home/student/ros2_ws/install/turtlebot3_msgs:/home/student/ros2_ws/install/turtlebot3_gazebo:/home/student/ros2_ws/install/turtlebot3_description:/home/student/ros2_ws/install/turtlebot3_cartographer:/home/student/ros2_ws/install/scamazon_navigation:/home/student/ros2_ws/install/s2_localizer:/home/student/ros2_ws/install/move_turtlebot:/home/student/ros2_ws/install/localization:/home/student/ros2_ws/install/turtlebot3_example:/home/student/ros2_ws/install/turtlebot3_teleop:/home/student/ros2_ws/install/sml_graph:/opt/ros/humble:/home/student/ros2_ws/install/laser_scan_to_image:/home/student/ros2_ws/install/laser_scan_filter:/home/student/ros2_ws/install/dynamixel_sdk_custom_interfaces:/home/student/ros2_ws/install/dynamixel_sdk /usr/bin/cmake --install /home/student/ros2_ws/src/build/turtlebot3_perception
