[0.018s] Invoking command in '/home/student/ros2_ws/src/build/turtlebot3_navigation': CMAKE_PREFIX_PATH=/home/student/ros2_ws/install/warehouse_navigation:/home/student/ros2_ws/install/turtlesim:/home/student/ros2_ws/install/turtlebot3:/home/student/ros2_ws/install/turtlebot3_simulations:/home/student/ros2_ws/install/turtlebot3_perception:/home/student/ros2_ws/install/turtlebot3_bringup:/home/student/ros2_ws/install/turtlebot3_node:/home/student/ros2_ws/install/turtlebot3_navigation:/home/student/ros2_ws/install/turtlebot3_fake_node:/home/student/ros2_ws/install/turtlebot3_lidar_processing:/home/student/ros2_ws/install/turtlebot3_image_subscriber:/home/student/ros2_ws/install/turtlebot3_image_processing:/home/student/ros2_ws/install/turtlebot3_goal_sender:/home/student/ros2_ws/install/sprint_2_localiser:/home/student/ros2_ws/install/simple_localizer:/home/student/ros2_ws/install/scan_matching_localizer_tejas:/home/student/ros2_ws/install/dynamixel_sdk_examples:/home/student/ros2_ws/install/turtlebot3_navigation2:/home/student/ros2_ws/install/turtlebot3_msgs:/home/student/ros2_ws/install/turtlebot3_gazebo:/home/student/ros2_ws/install/turtlebot3_description:/home/student/ros2_ws/install/turtlebot3_cartographer:/home/student/ros2_ws/install/scamazon_navigation:/home/student/ros2_ws/install/s2_localizer:/home/student/ros2_ws/install/move_turtlebot:/home/student/ros2_ws/install/localization:/home/student/ros2_ws/install/turtlebot3_example:/home/student/ros2_ws/install/turtlebot3_teleop:/home/student/ros2_ws/install/sml_graph:/opt/ros/humble:/home/student/ros2_ws/install/laser_scan_to_image:/home/student/ros2_ws/install/laser_scan_filter:/home/student/ros2_ws/install/dynamixel_sdk_custom_interfaces:/home/student/ros2_ws/install/dynamixel_sdk /usr/bin/cmake /home/student/ros2_ws/src/turtlebot3_navigation -DCMAKE_INSTALL_PREFIX=/home/student/ros2_ws/src/install/turtlebot3_navigation
[0.132s] -- The C compiler identification is GNU 11.4.0
[0.261s] -- The CXX compiler identification is GNU 11.4.0
[0.276s] -- Detecting C compiler ABI info
[0.452s] -- Detecting C compiler ABI info - done
[0.467s] -- Check for working C compiler: /usr/bin/cc - skipped
[0.467s] -- Detecting C compile features
[0.468s] -- Detecting C compile features - done
[0.473s] -- Detecting CXX compiler ABI info
[0.631s] -- Detecting CXX compiler ABI info - done
[0.646s] -- Check for working CXX compiler: /usr/bin/c++ - skipped
[0.646s] -- Detecting CXX compile features
[0.647s] -- Detecting CXX compile features - done
[0.656s] -- Found ament_cmake: 1.3.9 (/opt/ros/humble/share/ament_cmake/cmake)
[0.929s] -- Found Python3: /usr/bin/python3 (found version "3.10.12") found components: Interpreter 
[1.139s] -- Found rclcpp: 16.0.9 (/opt/ros/humble/share/rclcpp/cmake)
[1.260s] -- Found rosidl_generator_c: 3.1.5 (/opt/ros/humble/share/rosidl_generator_c/cmake)
[1.277s] -- Found rosidl_adapter: 3.1.5 (/opt/ros/humble/share/rosidl_adapter/cmake)
[1.305s] -- Found rosidl_generator_cpp: 3.1.5 (/opt/ros/humble/share/rosidl_generator_cpp/cmake)
[1.336s] -- Using all available rosidl_typesupport_c: rosidl_typesupport_fastrtps_c;rosidl_typesupport_introspection_c
[1.381s] -- Using all available rosidl_typesupport_cpp: rosidl_typesupport_fastrtps_cpp;rosidl_typesupport_introspection_cpp
[1.543s] -- Found rmw_implementation_cmake: 6.1.2 (/opt/ros/humble/share/rmw_implementation_cmake/cmake)
[1.553s] -- Found rmw_fastrtps_cpp: 6.2.6 (/opt/ros/humble/share/rmw_fastrtps_cpp/cmake)
[1.766s] -- Found OpenSSL: /usr/lib/x86_64-linux-gnu/libcrypto.so (found version "3.0.2")  
[1.833s] -- Found FastRTPS: /opt/ros/humble/include  
[1.929s] -- Using RMW implementation 'rmw_fastrtps_cpp' as default
[1.958s] -- Looking for pthread.h
[2.086s] -- Looking for pthread.h - found
[2.087s] -- Performing Test CMAKE_HAVE_LIBC_PTHREAD
[2.222s] -- Performing Test CMAKE_HAVE_LIBC_PTHREAD - Success
[2.225s] -- Found Threads: TRUE  
[2.558s] -- Found geometry_msgs: 4.2.4 (/opt/ros/humble/share/geometry_msgs/cmake)
[2.648s] -- Found nav2_msgs: 1.1.15 (/opt/ros/humble/share/nav2_msgs/cmake)
[3.295s] -- Found rclcpp_action: 16.0.9 (/opt/ros/humble/share/rclcpp_action/cmake)
[3.474s] -- Configuring done
[3.497s] -- Generating done
[3.506s] -- Build files have been written to: /home/student/ros2_ws/src/build/turtlebot3_navigation
[3.542s] Invoked command in '/home/student/ros2_ws/src/build/turtlebot3_navigation' returned '0': CMAKE_PREFIX_PATH=/home/student/ros2_ws/install/warehouse_navigation:/home/student/ros2_ws/install/turtlesim:/home/student/ros2_ws/install/turtlebot3:/home/student/ros2_ws/install/turtlebot3_simulations:/home/student/ros2_ws/install/turtlebot3_perception:/home/student/ros2_ws/install/turtlebot3_bringup:/home/student/ros2_ws/install/turtlebot3_node:/home/student/ros2_ws/install/turtlebot3_navigation:/home/student/ros2_ws/install/turtlebot3_fake_node:/home/student/ros2_ws/install/turtlebot3_lidar_processing:/home/student/ros2_ws/install/turtlebot3_image_subscriber:/home/student/ros2_ws/install/turtlebot3_image_processing:/home/student/ros2_ws/install/turtlebot3_goal_sender:/home/student/ros2_ws/install/sprint_2_localiser:/home/student/ros2_ws/install/simple_localizer:/home/student/ros2_ws/install/scan_matching_localizer_tejas:/home/student/ros2_ws/install/dynamixel_sdk_examples:/home/student/ros2_ws/install/turtlebot3_navigation2:/home/student/ros2_ws/install/turtlebot3_msgs:/home/student/ros2_ws/install/turtlebot3_gazebo:/home/student/ros2_ws/install/turtlebot3_description:/home/student/ros2_ws/install/turtlebot3_cartographer:/home/student/ros2_ws/install/scamazon_navigation:/home/student/ros2_ws/install/s2_localizer:/home/student/ros2_ws/install/move_turtlebot:/home/student/ros2_ws/install/localization:/home/student/ros2_ws/install/turtlebot3_example:/home/student/ros2_ws/install/turtlebot3_teleop:/home/student/ros2_ws/install/sml_graph:/opt/ros/humble:/home/student/ros2_ws/install/laser_scan_to_image:/home/student/ros2_ws/install/laser_scan_filter:/home/student/ros2_ws/install/dynamixel_sdk_custom_interfaces:/home/student/ros2_ws/install/dynamixel_sdk /usr/bin/cmake /home/student/ros2_ws/src/turtlebot3_navigation -DCMAKE_INSTALL_PREFIX=/home/student/ros2_ws/src/install/turtlebot3_navigation
[3.543s] Invoking command in '/home/student/ros2_ws/src/build/turtlebot3_navigation': CMAKE_PREFIX_PATH=/home/student/ros2_ws/install/warehouse_navigation:/home/student/ros2_ws/install/turtlesim:/home/student/ros2_ws/install/turtlebot3:/home/student/ros2_ws/install/turtlebot3_simulations:/home/student/ros2_ws/install/turtlebot3_perception:/home/student/ros2_ws/install/turtlebot3_bringup:/home/student/ros2_ws/install/turtlebot3_node:/home/student/ros2_ws/install/turtlebot3_navigation:/home/student/ros2_ws/install/turtlebot3_fake_node:/home/student/ros2_ws/install/turtlebot3_lidar_processing:/home/student/ros2_ws/install/turtlebot3_image_subscriber:/home/student/ros2_ws/install/turtlebot3_image_processing:/home/student/ros2_ws/install/turtlebot3_goal_sender:/home/student/ros2_ws/install/sprint_2_localiser:/home/student/ros2_ws/install/simple_localizer:/home/student/ros2_ws/install/scan_matching_localizer_tejas:/home/student/ros2_ws/install/dynamixel_sdk_examples:/home/student/ros2_ws/install/turtlebot3_navigation2:/home/student/ros2_ws/install/turtlebot3_msgs:/home/student/ros2_ws/install/turtlebot3_gazebo:/home/student/ros2_ws/install/turtlebot3_description:/home/student/ros2_ws/install/turtlebot3_cartographer:/home/student/ros2_ws/install/scamazon_navigation:/home/student/ros2_ws/install/s2_localizer:/home/student/ros2_ws/install/move_turtlebot:/home/student/ros2_ws/install/localization:/home/student/ros2_ws/install/turtlebot3_example:/home/student/ros2_ws/install/turtlebot3_teleop:/home/student/ros2_ws/install/sml_graph:/opt/ros/humble:/home/student/ros2_ws/install/laser_scan_to_image:/home/student/ros2_ws/install/laser_scan_filter:/home/student/ros2_ws/install/dynamixel_sdk_custom_interfaces:/home/student/ros2_ws/install/dynamixel_sdk /usr/bin/cmake --build /home/student/ros2_ws/src/build/turtlebot3_navigation -- -j8 -l8
[5.152s] [ 25%] [32mBuilding CXX object CMakeFiles/goal_publisher.dir/src/goal_publisher.cpp.o[0m
[5.153s] [ 50%] [32mBuilding CXX object CMakeFiles/navigation_launcher.dir/src/navigation_launcher.cpp.o[0m
[9.453s] [ 75%] [32m[1mLinking CXX executable navigation_launcher[0m
[9.774s] [ 75%] Built target navigation_launcher
[14.714s] [100%] [32m[1mLinking CXX executable goal_publisher[0m
[15.316s] [100%] Built target goal_publisher
[15.380s] Invoked command in '/home/student/ros2_ws/src/build/turtlebot3_navigation' returned '0': CMAKE_PREFIX_PATH=/home/student/ros2_ws/install/warehouse_navigation:/home/student/ros2_ws/install/turtlesim:/home/student/ros2_ws/install/turtlebot3:/home/student/ros2_ws/install/turtlebot3_simulations:/home/student/ros2_ws/install/turtlebot3_perception:/home/student/ros2_ws/install/turtlebot3_bringup:/home/student/ros2_ws/install/turtlebot3_node:/home/student/ros2_ws/install/turtlebot3_navigation:/home/student/ros2_ws/install/turtlebot3_fake_node:/home/student/ros2_ws/install/turtlebot3_lidar_processing:/home/student/ros2_ws/install/turtlebot3_image_subscriber:/home/student/ros2_ws/install/turtlebot3_image_processing:/home/student/ros2_ws/install/turtlebot3_goal_sender:/home/student/ros2_ws/install/sprint_2_localiser:/home/student/ros2_ws/install/simple_localizer:/home/student/ros2_ws/install/scan_matching_localizer_tejas:/home/student/ros2_ws/install/dynamixel_sdk_examples:/home/student/ros2_ws/install/turtlebot3_navigation2:/home/student/ros2_ws/install/turtlebot3_msgs:/home/student/ros2_ws/install/turtlebot3_gazebo:/home/student/ros2_ws/install/turtlebot3_description:/home/student/ros2_ws/install/turtlebot3_cartographer:/home/student/ros2_ws/install/scamazon_navigation:/home/student/ros2_ws/install/s2_localizer:/home/student/ros2_ws/install/move_turtlebot:/home/student/ros2_ws/install/localization:/home/student/ros2_ws/install/turtlebot3_example:/home/student/ros2_ws/install/turtlebot3_teleop:/home/student/ros2_ws/install/sml_graph:/opt/ros/humble:/home/student/ros2_ws/install/laser_scan_to_image:/home/student/ros2_ws/install/laser_scan_filter:/home/student/ros2_ws/install/dynamixel_sdk_custom_interfaces:/home/student/ros2_ws/install/dynamixel_sdk /usr/bin/cmake --build /home/student/ros2_ws/src/build/turtlebot3_navigation -- -j8 -l8
[15.868s] Invoking command in '/home/student/ros2_ws/src/build/turtlebot3_navigation': CMAKE_PREFIX_PATH=/home/student/ros2_ws/install/warehouse_navigation:/home/student/ros2_ws/install/turtlesim:/home/student/ros2_ws/install/turtlebot3:/home/student/ros2_ws/install/turtlebot3_simulations:/home/student/ros2_ws/install/turtlebot3_perception:/home/student/ros2_ws/install/turtlebot3_bringup:/home/student/ros2_ws/install/turtlebot3_node:/home/student/ros2_ws/install/turtlebot3_navigation:/home/student/ros2_ws/install/turtlebot3_fake_node:/home/student/ros2_ws/install/turtlebot3_lidar_processing:/home/student/ros2_ws/install/turtlebot3_image_subscriber:/home/student/ros2_ws/install/turtlebot3_image_processing:/home/student/ros2_ws/install/turtlebot3_goal_sender:/home/student/ros2_ws/install/sprint_2_localiser:/home/student/ros2_ws/install/simple_localizer:/home/student/ros2_ws/install/scan_matching_localizer_tejas:/home/student/ros2_ws/install/dynamixel_sdk_examples:/home/student/ros2_ws/install/turtlebot3_navigation2:/home/student/ros2_ws/install/turtlebot3_msgs:/home/student/ros2_ws/install/turtlebot3_gazebo:/home/student/ros2_ws/install/turtlebot3_description:/home/student/ros2_ws/install/turtlebot3_cartographer:/home/student/ros2_ws/install/scamazon_navigation:/home/student/ros2_ws/install/s2_localizer:/home/student/ros2_ws/install/move_turtlebot:/home/student/ros2_ws/install/localization:/home/student/ros2_ws/install/turtlebot3_example:/home/student/ros2_ws/install/turtlebot3_teleop:/home/student/ros2_ws/install/sml_graph:/opt/ros/humble:/home/student/ros2_ws/install/laser_scan_to_image:/home/student/ros2_ws/install/laser_scan_filter:/home/student/ros2_ws/install/dynamixel_sdk_custom_interfaces:/home/student/ros2_ws/install/dynamixel_sdk /usr/bin/cmake --install /home/student/ros2_ws/src/build/turtlebot3_navigation
[15.897s] -- Install configuration: ""
[15.898s] -- Installing: /home/student/ros2_ws/src/install/turtlebot3_navigation/lib/turtlebot3_navigation/navigation_launcher
[15.899s] -- Set runtime path of "/home/student/ros2_ws/src/install/turtlebot3_navigation/lib/turtlebot3_navigation/navigation_launcher" to ""
[15.899s] -- Installing: /home/student/ros2_ws/src/install/turtlebot3_navigation/lib/turtlebot3_navigation/goal_publisher
[15.910s] -- Set runtime path of "/home/student/ros2_ws/src/install/turtlebot3_navigation/lib/turtlebot3_navigation/goal_publisher" to ""
[15.911s] -- Installing: /home/student/ros2_ws/src/install/turtlebot3_navigation/share/turtlebot3_navigation/config
[15.911s] -- Installing: /home/student/ros2_ws/src/install/turtlebot3_navigation/share/turtlebot3_navigation/config/map.yaml
[15.911s] -- Installing: /home/student/ros2_ws/src/install/turtlebot3_navigation/share/turtlebot3_navigation/config/GOALS.txt
[15.912s] -- Installing: /home/student/ros2_ws/src/install/turtlebot3_navigation/share/turtlebot3_navigation/config/map.pgm
[15.912s] -- Installing: /home/student/ros2_ws/src/install/turtlebot3_navigation/share/ament_index/resource_index/package_run_dependencies/turtlebot3_navigation
[15.913s] -- Installing: /home/student/ros2_ws/src/install/turtlebot3_navigation/share/ament_index/resource_index/parent_prefix_path/turtlebot3_navigation
[15.914s] -- Installing: /home/student/ros2_ws/src/install/turtlebot3_navigation/share/turtlebot3_navigation/environment/ament_prefix_path.sh
[15.915s] -- Installing: /home/student/ros2_ws/src/install/turtlebot3_navigation/share/turtlebot3_navigation/environment/ament_prefix_path.dsv
[15.915s] -- Installing: /home/student/ros2_ws/src/install/turtlebot3_navigation/share/turtlebot3_navigation/environment/path.sh
[15.927s] -- Installing: /home/student/ros2_ws/src/install/turtlebot3_navigation/share/turtlebot3_navigation/environment/path.dsv
[15.928s] -- Installing: /home/student/ros2_ws/src/install/turtlebot3_navigation/share/turtlebot3_navigation/local_setup.bash
[15.928s] -- Installing: /home/student/ros2_ws/src/install/turtlebot3_navigation/share/turtlebot3_navigation/local_setup.sh
[15.928s] -- Installing: /home/student/ros2_ws/src/install/turtlebot3_navigation/share/turtlebot3_navigation/local_setup.zsh
[15.928s] -- Installing: /home/student/ros2_ws/src/install/turtlebot3_navigation/share/turtlebot3_navigation/local_setup.dsv
[15.929s] -- Installing: /home/student/ros2_ws/src/install/turtlebot3_navigation/share/turtlebot3_navigation/package.dsv
[15.929s] -- Installing: /home/student/ros2_ws/src/install/turtlebot3_navigation/share/ament_index/resource_index/packages/turtlebot3_navigation
[15.929s] -- Installing: /home/student/ros2_ws/src/install/turtlebot3_navigation/share/turtlebot3_navigation/cmake/turtlebot3_navigationConfig.cmake
[15.929s] -- Installing: /home/student/ros2_ws/src/install/turtlebot3_navigation/share/turtlebot3_navigation/cmake/turtlebot3_navigationConfig-version.cmake
[15.929s] -- Installing: /home/student/ros2_ws/src/install/turtlebot3_navigation/share/turtlebot3_navigation/package.xml
[15.959s] Invoked command in '/home/student/ros2_ws/src/build/turtlebot3_navigation' returned '0': CMAKE_PREFIX_PATH=/home/student/ros2_ws/install/warehouse_navigation:/home/student/ros2_ws/install/turtlesim:/home/student/ros2_ws/install/turtlebot3:/home/student/ros2_ws/install/turtlebot3_simulations:/home/student/ros2_ws/install/turtlebot3_perception:/home/student/ros2_ws/install/turtlebot3_bringup:/home/student/ros2_ws/install/turtlebot3_node:/home/student/ros2_ws/install/turtlebot3_navigation:/home/student/ros2_ws/install/turtlebot3_fake_node:/home/student/ros2_ws/install/turtlebot3_lidar_processing:/home/student/ros2_ws/install/turtlebot3_image_subscriber:/home/student/ros2_ws/install/turtlebot3_image_processing:/home/student/ros2_ws/install/turtlebot3_goal_sender:/home/student/ros2_ws/install/sprint_2_localiser:/home/student/ros2_ws/install/simple_localizer:/home/student/ros2_ws/install/scan_matching_localizer_tejas:/home/student/ros2_ws/install/dynamixel_sdk_examples:/home/student/ros2_ws/install/turtlebot3_navigation2:/home/student/ros2_ws/install/turtlebot3_msgs:/home/student/ros2_ws/install/turtlebot3_gazebo:/home/student/ros2_ws/install/turtlebot3_description:/home/student/ros2_ws/install/turtlebot3_cartographer:/home/student/ros2_ws/install/scamazon_navigation:/home/student/ros2_ws/install/s2_localizer:/home/student/ros2_ws/install/move_turtlebot:/home/student/ros2_ws/install/localization:/home/student/ros2_ws/install/turtlebot3_example:/home/student/ros2_ws/install/turtlebot3_teleop:/home/student/ros2_ws/install/sml_graph:/opt/ros/humble:/home/student/ros2_ws/install/laser_scan_to_image:/home/student/ros2_ws/install/laser_scan_filter:/home/student/ros2_ws/install/dynamixel_sdk_custom_interfaces:/home/student/ros2_ws/install/dynamixel_sdk /usr/bin/cmake --install /home/student/ros2_ws/src/build/turtlebot3_navigation
