[0.013s] Invoking command in '/home/student/ros2_ws/src/build/sprint_2_localiser': CMAKE_PREFIX_PATH=/home/student/ros2_ws/install/warehouse_navigation:/home/student/ros2_ws/install/turtlesim:/home/student/ros2_ws/install/turtlebot3:/home/student/ros2_ws/install/turtlebot3_simulations:/home/student/ros2_ws/install/turtlebot3_perception:/home/student/ros2_ws/install/turtlebot3_bringup:/home/student/ros2_ws/install/turtlebot3_node:/home/student/ros2_ws/install/turtlebot3_navigation:/home/student/ros2_ws/install/turtlebot3_fake_node:/home/student/ros2_ws/install/turtlebot3_lidar_processing:/home/student/ros2_ws/install/turtlebot3_image_subscriber:/home/student/ros2_ws/install/turtlebot3_image_processing:/home/student/ros2_ws/install/turtlebot3_goal_sender:/home/student/ros2_ws/install/sprint_2_localiser:/home/student/ros2_ws/install/simple_localizer:/home/student/ros2_ws/install/scan_matching_localizer_tejas:/home/student/ros2_ws/install/dynamixel_sdk_examples:/home/student/ros2_ws/install/turtlebot3_navigation2:/home/student/ros2_ws/install/turtlebot3_msgs:/home/student/ros2_ws/install/turtlebot3_gazebo:/home/student/ros2_ws/install/turtlebot3_description:/home/student/ros2_ws/install/turtlebot3_cartographer:/home/student/ros2_ws/install/scamazon_navigation:/home/student/ros2_ws/install/s2_localizer:/home/student/ros2_ws/install/move_turtlebot:/home/student/ros2_ws/install/localization:/home/student/ros2_ws/install/turtlebot3_example:/home/student/ros2_ws/install/turtlebot3_teleop:/home/student/ros2_ws/install/sml_graph:/opt/ros/humble:/home/student/ros2_ws/install/laser_scan_to_image:/home/student/ros2_ws/install/laser_scan_filter:/home/student/ros2_ws/install/dynamixel_sdk_custom_interfaces:/home/student/ros2_ws/install/dynamixel_sdk /usr/bin/cmake /home/student/ros2_ws/src/sprint_2_localiser -DCMAKE_INSTALL_PREFIX=/home/student/ros2_ws/src/install/sprint_2_localiser
[0.158s] -- The C compiler identification is GNU 11.4.0
[0.262s] -- The CXX compiler identification is GNU 11.4.0
[0.275s] -- Detecting C compiler ABI info
[0.406s] -- Detecting C compiler ABI info - done
[0.421s] -- Check for working C compiler: /usr/bin/cc - skipped
[0.421s] -- Detecting C compile features
[0.421s] -- Detecting C compile features - done
[0.427s] -- Detecting CXX compiler ABI info
[0.581s] -- Detecting CXX compiler ABI info - done
[0.590s] -- Check for working CXX compiler: /usr/bin/c++ - skipped
[0.591s] -- Detecting CXX compile features
[0.591s] -- Detecting CXX compile features - done
[0.599s] -- Found rclcpp: 16.0.9 (/opt/ros/humble/share/rclcpp/cmake)
[0.905s] -- Found Python3: /usr/bin/python3 (found version "3.10.12") found components: Interpreter 
[1.266s] -- Found rosidl_generator_c: 3.1.5 (/opt/ros/humble/share/rosidl_generator_c/cmake)
[1.281s] -- Found rosidl_adapter: 3.1.5 (/opt/ros/humble/share/rosidl_adapter/cmake)
[1.295s] -- Found rosidl_generator_cpp: 3.1.5 (/opt/ros/humble/share/rosidl_generator_cpp/cmake)
[1.317s] -- Using all available rosidl_typesupport_c: rosidl_typesupport_fastrtps_c;rosidl_typesupport_introspection_c
[1.348s] -- Using all available rosidl_typesupport_cpp: rosidl_typesupport_fastrtps_cpp;rosidl_typesupport_introspection_cpp
[1.459s] -- Found rmw_implementation_cmake: 6.1.2 (/opt/ros/humble/share/rmw_implementation_cmake/cmake)
[1.467s] -- Found rmw_fastrtps_cpp: 6.2.6 (/opt/ros/humble/share/rmw_fastrtps_cpp/cmake)
[1.607s] -- Found OpenSSL: /usr/lib/x86_64-linux-gnu/libcrypto.so (found version "3.0.2")  
[1.644s] -- Found FastRTPS: /opt/ros/humble/include  
[1.724s] -- Using RMW implementation 'rmw_fastrtps_cpp' as default
[1.750s] -- Looking for pthread.h
[1.846s] -- Looking for pthread.h - found
[1.846s] -- Performing Test CMAKE_HAVE_LIBC_PTHREAD
[1.970s] -- Performing Test CMAKE_HAVE_LIBC_PTHREAD - Success
[1.971s] -- Found Threads: TRUE  
[2.255s] -- Found sensor_msgs: 4.2.4 (/opt/ros/humble/share/sensor_msgs/cmake)
[2.514s] -- Found nav_msgs: 4.2.4 (/opt/ros/humble/share/nav_msgs/cmake)
[2.698s] -- Found OpenCV: /usr (found version "4.5.4") 
[2.831s] -- Configuring done
[2.857s] -- Generating done
[2.859s] -- Build files have been written to: /home/student/ros2_ws/src/build/sprint_2_localiser
[2.889s] Invoked command in '/home/student/ros2_ws/src/build/sprint_2_localiser' returned '0': CMAKE_PREFIX_PATH=/home/student/ros2_ws/install/warehouse_navigation:/home/student/ros2_ws/install/turtlesim:/home/student/ros2_ws/install/turtlebot3:/home/student/ros2_ws/install/turtlebot3_simulations:/home/student/ros2_ws/install/turtlebot3_perception:/home/student/ros2_ws/install/turtlebot3_bringup:/home/student/ros2_ws/install/turtlebot3_node:/home/student/ros2_ws/install/turtlebot3_navigation:/home/student/ros2_ws/install/turtlebot3_fake_node:/home/student/ros2_ws/install/turtlebot3_lidar_processing:/home/student/ros2_ws/install/turtlebot3_image_subscriber:/home/student/ros2_ws/install/turtlebot3_image_processing:/home/student/ros2_ws/install/turtlebot3_goal_sender:/home/student/ros2_ws/install/sprint_2_localiser:/home/student/ros2_ws/install/simple_localizer:/home/student/ros2_ws/install/scan_matching_localizer_tejas:/home/student/ros2_ws/install/dynamixel_sdk_examples:/home/student/ros2_ws/install/turtlebot3_navigation2:/home/student/ros2_ws/install/turtlebot3_msgs:/home/student/ros2_ws/install/turtlebot3_gazebo:/home/student/ros2_ws/install/turtlebot3_description:/home/student/ros2_ws/install/turtlebot3_cartographer:/home/student/ros2_ws/install/scamazon_navigation:/home/student/ros2_ws/install/s2_localizer:/home/student/ros2_ws/install/move_turtlebot:/home/student/ros2_ws/install/localization:/home/student/ros2_ws/install/turtlebot3_example:/home/student/ros2_ws/install/turtlebot3_teleop:/home/student/ros2_ws/install/sml_graph:/opt/ros/humble:/home/student/ros2_ws/install/laser_scan_to_image:/home/student/ros2_ws/install/laser_scan_filter:/home/student/ros2_ws/install/dynamixel_sdk_custom_interfaces:/home/student/ros2_ws/install/dynamixel_sdk /usr/bin/cmake /home/student/ros2_ws/src/sprint_2_localiser -DCMAKE_INSTALL_PREFIX=/home/student/ros2_ws/src/install/sprint_2_localiser
[2.893s] Invoking command in '/home/student/ros2_ws/src/build/sprint_2_localiser': CMAKE_PREFIX_PATH=/home/student/ros2_ws/install/warehouse_navigation:/home/student/ros2_ws/install/turtlesim:/home/student/ros2_ws/install/turtlebot3:/home/student/ros2_ws/install/turtlebot3_simulations:/home/student/ros2_ws/install/turtlebot3_perception:/home/student/ros2_ws/install/turtlebot3_bringup:/home/student/ros2_ws/install/turtlebot3_node:/home/student/ros2_ws/install/turtlebot3_navigation:/home/student/ros2_ws/install/turtlebot3_fake_node:/home/student/ros2_ws/install/turtlebot3_lidar_processing:/home/student/ros2_ws/install/turtlebot3_image_subscriber:/home/student/ros2_ws/install/turtlebot3_image_processing:/home/student/ros2_ws/install/turtlebot3_goal_sender:/home/student/ros2_ws/install/sprint_2_localiser:/home/student/ros2_ws/install/simple_localizer:/home/student/ros2_ws/install/scan_matching_localizer_tejas:/home/student/ros2_ws/install/dynamixel_sdk_examples:/home/student/ros2_ws/install/turtlebot3_navigation2:/home/student/ros2_ws/install/turtlebot3_msgs:/home/student/ros2_ws/install/turtlebot3_gazebo:/home/student/ros2_ws/install/turtlebot3_description:/home/student/ros2_ws/install/turtlebot3_cartographer:/home/student/ros2_ws/install/scamazon_navigation:/home/student/ros2_ws/install/s2_localizer:/home/student/ros2_ws/install/move_turtlebot:/home/student/ros2_ws/install/localization:/home/student/ros2_ws/install/turtlebot3_example:/home/student/ros2_ws/install/turtlebot3_teleop:/home/student/ros2_ws/install/sml_graph:/opt/ros/humble:/home/student/ros2_ws/install/laser_scan_to_image:/home/student/ros2_ws/install/laser_scan_filter:/home/student/ros2_ws/install/dynamixel_sdk_custom_interfaces:/home/student/ros2_ws/install/dynamixel_sdk /usr/bin/cmake --build /home/student/ros2_ws/src/build/sprint_2_localiser -- -j8 -l8
[3.034s] [ 50%] [32mBuilding CXX object CMakeFiles/scan_matching_localiser.dir/src/scan_matching_localiser.cpp.o[0m
[24.131s] [100%] [32m[1mLinking CXX executable scan_matching_localiser[0m
[26.078s] [100%] Built target scan_matching_localiser
[26.122s] Invoked command in '/home/student/ros2_ws/src/build/sprint_2_localiser' returned '0': CMAKE_PREFIX_PATH=/home/student/ros2_ws/install/warehouse_navigation:/home/student/ros2_ws/install/turtlesim:/home/student/ros2_ws/install/turtlebot3:/home/student/ros2_ws/install/turtlebot3_simulations:/home/student/ros2_ws/install/turtlebot3_perception:/home/student/ros2_ws/install/turtlebot3_bringup:/home/student/ros2_ws/install/turtlebot3_node:/home/student/ros2_ws/install/turtlebot3_navigation:/home/student/ros2_ws/install/turtlebot3_fake_node:/home/student/ros2_ws/install/turtlebot3_lidar_processing:/home/student/ros2_ws/install/turtlebot3_image_subscriber:/home/student/ros2_ws/install/turtlebot3_image_processing:/home/student/ros2_ws/install/turtlebot3_goal_sender:/home/student/ros2_ws/install/sprint_2_localiser:/home/student/ros2_ws/install/simple_localizer:/home/student/ros2_ws/install/scan_matching_localizer_tejas:/home/student/ros2_ws/install/dynamixel_sdk_examples:/home/student/ros2_ws/install/turtlebot3_navigation2:/home/student/ros2_ws/install/turtlebot3_msgs:/home/student/ros2_ws/install/turtlebot3_gazebo:/home/student/ros2_ws/install/turtlebot3_description:/home/student/ros2_ws/install/turtlebot3_cartographer:/home/student/ros2_ws/install/scamazon_navigation:/home/student/ros2_ws/install/s2_localizer:/home/student/ros2_ws/install/move_turtlebot:/home/student/ros2_ws/install/localization:/home/student/ros2_ws/install/turtlebot3_example:/home/student/ros2_ws/install/turtlebot3_teleop:/home/student/ros2_ws/install/sml_graph:/opt/ros/humble:/home/student/ros2_ws/install/laser_scan_to_image:/home/student/ros2_ws/install/laser_scan_filter:/home/student/ros2_ws/install/dynamixel_sdk_custom_interfaces:/home/student/ros2_ws/install/dynamixel_sdk /usr/bin/cmake --build /home/student/ros2_ws/src/build/sprint_2_localiser -- -j8 -l8
[26.485s] Invoking command in '/home/student/ros2_ws/src/build/sprint_2_localiser': CMAKE_PREFIX_PATH=/home/student/ros2_ws/install/warehouse_navigation:/home/student/ros2_ws/install/turtlesim:/home/student/ros2_ws/install/turtlebot3:/home/student/ros2_ws/install/turtlebot3_simulations:/home/student/ros2_ws/install/turtlebot3_perception:/home/student/ros2_ws/install/turtlebot3_bringup:/home/student/ros2_ws/install/turtlebot3_node:/home/student/ros2_ws/install/turtlebot3_navigation:/home/student/ros2_ws/install/turtlebot3_fake_node:/home/student/ros2_ws/install/turtlebot3_lidar_processing:/home/student/ros2_ws/install/turtlebot3_image_subscriber:/home/student/ros2_ws/install/turtlebot3_image_processing:/home/student/ros2_ws/install/turtlebot3_goal_sender:/home/student/ros2_ws/install/sprint_2_localiser:/home/student/ros2_ws/install/simple_localizer:/home/student/ros2_ws/install/scan_matching_localizer_tejas:/home/student/ros2_ws/install/dynamixel_sdk_examples:/home/student/ros2_ws/install/turtlebot3_navigation2:/home/student/ros2_ws/install/turtlebot3_msgs:/home/student/ros2_ws/install/turtlebot3_gazebo:/home/student/ros2_ws/install/turtlebot3_description:/home/student/ros2_ws/install/turtlebot3_cartographer:/home/student/ros2_ws/install/scamazon_navigation:/home/student/ros2_ws/install/s2_localizer:/home/student/ros2_ws/install/move_turtlebot:/home/student/ros2_ws/install/localization:/home/student/ros2_ws/install/turtlebot3_example:/home/student/ros2_ws/install/turtlebot3_teleop:/home/student/ros2_ws/install/sml_graph:/opt/ros/humble:/home/student/ros2_ws/install/laser_scan_to_image:/home/student/ros2_ws/install/laser_scan_filter:/home/student/ros2_ws/install/dynamixel_sdk_custom_interfaces:/home/student/ros2_ws/install/dynamixel_sdk /usr/bin/cmake --install /home/student/ros2_ws/src/build/sprint_2_localiser
[26.518s] -- Install configuration: ""
[26.519s] -- Installing: /home/student/ros2_ws/src/install/sprint_2_localiser/lib/sprint_2_localiser/scan_matching_localiser
[26.537s] -- Set runtime path of "/home/student/ros2_ws/src/install/sprint_2_localiser/lib/sprint_2_localiser/scan_matching_localiser" to ""
[26.538s] -- Installing: /home/student/ros2_ws/src/install/sprint_2_localiser/share/ament_index/resource_index/package_run_dependencies/sprint_2_localiser
[26.538s] -- Installing: /home/student/ros2_ws/src/install/sprint_2_localiser/share/ament_index/resource_index/parent_prefix_path/sprint_2_localiser
[26.538s] -- Installing: /home/student/ros2_ws/src/install/sprint_2_localiser/share/sprint_2_localiser/environment/ament_prefix_path.sh
[26.538s] -- Installing: /home/student/ros2_ws/src/install/sprint_2_localiser/share/sprint_2_localiser/environment/ament_prefix_path.dsv
[26.538s] -- Installing: /home/student/ros2_ws/src/install/sprint_2_localiser/share/sprint_2_localiser/environment/path.sh
[26.538s] -- Installing: /home/student/ros2_ws/src/install/sprint_2_localiser/share/sprint_2_localiser/environment/path.dsv
[26.539s] -- Installing: /home/student/ros2_ws/src/install/sprint_2_localiser/share/sprint_2_localiser/local_setup.bash
[26.541s] -- Installing: /home/student/ros2_ws/src/install/sprint_2_localiser/share/sprint_2_localiser/local_setup.sh
[26.541s] -- Installing: /home/student/ros2_ws/src/install/sprint_2_localiser/share/sprint_2_localiser/local_setup.zsh
[26.541s] -- Installing: /home/student/ros2_ws/src/install/sprint_2_localiser/share/sprint_2_localiser/local_setup.dsv
[26.542s] -- Installing: /home/student/ros2_ws/src/install/sprint_2_localiser/share/sprint_2_localiser/package.dsv
[26.543s] -- Installing: /home/student/ros2_ws/src/install/sprint_2_localiser/share/ament_index/resource_index/packages/sprint_2_localiser
[26.544s] -- Installing: /home/student/ros2_ws/src/install/sprint_2_localiser/share/sprint_2_localiser/cmake/sprint_2_localiserConfig.cmake
[26.544s] -- Installing: /home/student/ros2_ws/src/install/sprint_2_localiser/share/sprint_2_localiser/cmake/sprint_2_localiserConfig-version.cmake
[26.546s] -- Installing: /home/student/ros2_ws/src/install/sprint_2_localiser/share/sprint_2_localiser/package.xml
[26.553s] Invoked command in '/home/student/ros2_ws/src/build/sprint_2_localiser' returned '0': CMAKE_PREFIX_PATH=/home/student/ros2_ws/install/warehouse_navigation:/home/student/ros2_ws/install/turtlesim:/home/student/ros2_ws/install/turtlebot3:/home/student/ros2_ws/install/turtlebot3_simulations:/home/student/ros2_ws/install/turtlebot3_perception:/home/student/ros2_ws/install/turtlebot3_bringup:/home/student/ros2_ws/install/turtlebot3_node:/home/student/ros2_ws/install/turtlebot3_navigation:/home/student/ros2_ws/install/turtlebot3_fake_node:/home/student/ros2_ws/install/turtlebot3_lidar_processing:/home/student/ros2_ws/install/turtlebot3_image_subscriber:/home/student/ros2_ws/install/turtlebot3_image_processing:/home/student/ros2_ws/install/turtlebot3_goal_sender:/home/student/ros2_ws/install/sprint_2_localiser:/home/student/ros2_ws/install/simple_localizer:/home/student/ros2_ws/install/scan_matching_localizer_tejas:/home/student/ros2_ws/install/dynamixel_sdk_examples:/home/student/ros2_ws/install/turtlebot3_navigation2:/home/student/ros2_ws/install/turtlebot3_msgs:/home/student/ros2_ws/install/turtlebot3_gazebo:/home/student/ros2_ws/install/turtlebot3_description:/home/student/ros2_ws/install/turtlebot3_cartographer:/home/student/ros2_ws/install/scamazon_navigation:/home/student/ros2_ws/install/s2_localizer:/home/student/ros2_ws/install/move_turtlebot:/home/student/ros2_ws/install/localization:/home/student/ros2_ws/install/turtlebot3_example:/home/student/ros2_ws/install/turtlebot3_teleop:/home/student/ros2_ws/install/sml_graph:/opt/ros/humble:/home/student/ros2_ws/install/laser_scan_to_image:/home/student/ros2_ws/install/laser_scan_filter:/home/student/ros2_ws/install/dynamixel_sdk_custom_interfaces:/home/student/ros2_ws/install/dynamixel_sdk /usr/bin/cmake --install /home/student/ros2_ws/src/build/sprint_2_localiser
