[0.765s] Invoking command in '/home/student/ros2_ws/src/path_planner': PYTHONPATH=/home/student/ros2_ws/src/build/path_planner/prefix_override:/usr/lib/python3/dist-packages/colcon_core/task/python/colcon_distutils_commands:/home/student/ros2_ws/src/install/path_planner/lib/python3.10/site-packages:${PYTHONPATH} /usr/bin/python3 -W ignore:setup.py install is deprecated setup.py egg_info --egg-base ../build/path_planner build --build-base /home/student/ros2_ws/src/build/path_planner/build install --record /home/student/ros2_ws/src/build/path_planner/install.log --single-version-externally-managed install_data
[1.083s] running egg_info
[1.083s] creating ../build/path_planner/path_planner.egg-info
[1.083s] writing ../build/path_planner/path_planner.egg-info/PKG-INFO
[1.084s] writing dependency_links to ../build/path_planner/path_planner.egg-info/dependency_links.txt
[1.084s] writing entry points to ../build/path_planner/path_planner.egg-info/entry_points.txt
[1.084s] writing requirements to ../build/path_planner/path_planner.egg-info/requires.txt
[1.084s] writing top-level names to ../build/path_planner/path_planner.egg-info/top_level.txt
[1.084s] writing manifest file '../build/path_planner/path_planner.egg-info/SOURCES.txt'
[1.086s] reading manifest file '../build/path_planner/path_planner.egg-info/SOURCES.txt'
[1.087s] writing manifest file '../build/path_planner/path_planner.egg-info/SOURCES.txt'
[1.087s] running build
[1.087s] running build_py
[1.087s] creating /home/student/ros2_ws/src/build/path_planner/build
[1.088s] creating /home/student/ros2_ws/src/build/path_planner/build/lib
[1.088s] creating /home/student/ros2_ws/src/build/path_planner/build/lib/path_planner
[1.088s] copying path_planner/__init__.py -> /home/student/ros2_ws/src/build/path_planner/build/lib/path_planner
[1.088s] copying path_planner/path_planner_node.py -> /home/student/ros2_ws/src/build/path_planner/build/lib/path_planner
[1.088s] running install
[1.088s] running install_lib
[1.089s] creating /home/student/ros2_ws/src/install/path_planner/lib/python3.10/site-packages/path_planner
[1.089s] copying /home/student/ros2_ws/src/build/path_planner/build/lib/path_planner/__init__.py -> /home/student/ros2_ws/src/install/path_planner/lib/python3.10/site-packages/path_planner
[1.089s] copying /home/student/ros2_ws/src/build/path_planner/build/lib/path_planner/path_planner_node.py -> /home/student/ros2_ws/src/install/path_planner/lib/python3.10/site-packages/path_planner
[1.090s] byte-compiling /home/student/ros2_ws/src/install/path_planner/lib/python3.10/site-packages/path_planner/__init__.py to __init__.cpython-310.pyc
[1.090s] byte-compiling /home/student/ros2_ws/src/install/path_planner/lib/python3.10/site-packages/path_planner/path_planner_node.py to path_planner_node.cpython-310.pyc
[1.092s] running install_data
[1.092s] creating /home/student/ros2_ws/src/install/path_planner/share/ament_index
[1.092s] creating /home/student/ros2_ws/src/install/path_planner/share/ament_index/resource_index
[1.092s] creating /home/student/ros2_ws/src/install/path_planner/share/ament_index/resource_index/packages
[1.092s] copying resource/path_planner -> /home/student/ros2_ws/src/install/path_planner/share/ament_index/resource_index/packages
[1.092s] copying package.xml -> /home/student/ros2_ws/src/install/path_planner/share/path_planner
[1.092s] running install_egg_info
[1.094s] Copying ../build/path_planner/path_planner.egg-info to /home/student/ros2_ws/src/install/path_planner/lib/python3.10/site-packages/path_planner-0.0.0-py3.10.egg-info
[1.095s] running install_scripts
[1.120s] Installing path_planner_node script to /home/student/ros2_ws/src/install/path_planner/lib/path_planner
[1.120s] writing list of installed files to '/home/student/ros2_ws/src/build/path_planner/install.log'
[1.150s] Invoked command in '/home/student/ros2_ws/src/path_planner' returned '0': PYTHONPATH=/home/student/ros2_ws/src/build/path_planner/prefix_override:/usr/lib/python3/dist-packages/colcon_core/task/python/colcon_distutils_commands:/home/student/ros2_ws/src/install/path_planner/lib/python3.10/site-packages:${PYTHONPATH} /usr/bin/python3 -W ignore:setup.py install is deprecated setup.py egg_info --egg-base ../build/path_planner build --build-base /home/student/ros2_ws/src/build/path_planner/build install --record /home/student/ros2_ws/src/build/path_planner/install.log --single-version-externally-managed install_data
