[0.245s] DEBUG:colcon:Command line arguments: ['/usr/bin/colcon', 'build', '--packages-select', 'cylinder_navigator']
[0.246s] DEBUG:colcon:Parsed command line arguments: Namespace(log_base=None, log_level=None, verb_name='build', build_base='build', install_base='install', merge_install=False, symlink_install=False, test_result_base=None, continue_on_error=False, executor='parallel', parallel_workers=8, event_handlers=None, ignore_user_meta=False, metas=['./colcon.meta'], base_paths=['.'], packages_ignore=None, packages_ignore_regex=None, paths=None, packages_up_to=None, packages_up_to_regex=None, packages_above=None, packages_above_and_dependencies=None, packages_above_depth=None, packages_select_by_dep=None, packages_skip_by_dep=None, packages_skip_up_to=None, packages_select_build_failed=False, packages_skip_build_finished=False, packages_select_test_failures=False, packages_skip_test_passed=False, packages_select=['cylinder_navigator'], packages_skip=None, packages_select_regex=None, packages_skip_regex=None, packages_start=None, packages_end=None, allow_overriding=[], cmake_args=None, cmake_target=None, cmake_target_skip_unavailable=False, cmake_clean_cache=False, cmake_clean_first=False, cmake_force_configure=False, ament_cmake_args=None, catkin_cmake_args=None, catkin_skip_building_tests=False, mixin_files=None, mixin=None, verb_parser=<colcon_mixin.mixin.mixin_argument.MixinArgumentDecorator object at 0x7de10c5650c0>, verb_extension=<colcon_core.verb.build.BuildVerb object at 0x7de10c5646a0>, main=<bound method BuildVerb.main of <colcon_core.verb.build.BuildVerb object at 0x7de10c5646a0>>, mixin_verb=('build',))
[0.654s] Level 1:colcon.colcon_core.package_discovery:discover_packages(colcon_meta) check parameters
[0.654s] Level 1:colcon.colcon_core.package_discovery:discover_packages(recursive) check parameters
[0.654s] Level 1:colcon.colcon_core.package_discovery:discover_packages(ignore) check parameters
[0.654s] Level 1:colcon.colcon_core.package_discovery:discover_packages(path) check parameters
[0.654s] Level 1:colcon.colcon_core.package_discovery:discover_packages(colcon_meta) discover
[0.654s] Level 1:colcon.colcon_core.package_discovery:discover_packages(recursive) discover
[0.654s] INFO:colcon.colcon_core.package_discovery:Crawling recursively for packages in '/home/student/ros2_ws/src/autonomous_robot'
[0.654s] Level 1:colcon.colcon_core.package_identification:_identify(.) by extensions ['ignore', 'ignore_ament_install']
[0.655s] Level 1:colcon.colcon_core.package_identification:_identify(.) by extension 'ignore'
[0.655s] Level 1:colcon.colcon_core.package_identification:_identify(.) by extension 'ignore_ament_install'
[0.655s] Level 1:colcon.colcon_core.package_identification:_identify(.) by extensions ['colcon_pkg']
[0.655s] Level 1:colcon.colcon_core.package_identification:_identify(.) by extension 'colcon_pkg'
[0.655s] Level 1:colcon.colcon_core.package_identification:_identify(.) by extensions ['colcon_meta']
[0.655s] Level 1:colcon.colcon_core.package_identification:_identify(.) by extension 'colcon_meta'
[0.656s] Level 1:colcon.colcon_core.package_identification:_identify(.) by extensions ['ros']
[0.656s] Level 1:colcon.colcon_core.package_identification:_identify(.) by extension 'ros'
[0.713s] DEBUG:colcon.colcon_core.package_identification:Package '.' with type 'ros.ament_cmake' and name 'autonomous_robot'
[0.713s] Level 1:colcon.colcon_core.package_discovery:discover_packages(recursive) using defaults
[0.713s] Level 1:colcon.colcon_core.package_discovery:discover_packages(ignore) discover
[0.714s] Level 1:colcon.colcon_core.package_discovery:discover_packages(ignore) using defaults
[0.714s] Level 1:colcon.colcon_core.package_discovery:discover_packages(path) discover
[0.714s] Level 1:colcon.colcon_core.package_discovery:discover_packages(path) using defaults
[0.714s] WARNING:colcon.colcon_core.package_selection:ignoring unknown package 'cylinder_navigator' in --packages-select
[0.815s] INFO:colcon.colcon_core.package_selection:Skipping not selected package 'autonomous_robot' in '.'
[0.816s] Level 1:colcon.colcon_core.package_discovery:discover_packages(prefix_path) check parameters
[0.816s] Level 1:colcon.colcon_core.package_discovery:discover_packages(prefix_path) discover
[0.828s] DEBUG:colcon.colcon_installed_package_information.package_discovery:Found 92 installed packages in /home/student/ros2_ws/install
[0.833s] DEBUG:colcon.colcon_installed_package_information.package_discovery:Found 432 installed packages in /opt/ros/humble
[0.840s] Level 1:colcon.colcon_core.package_discovery:discover_packages(prefix_path) using defaults
[0.988s] INFO:colcon.colcon_core.executor:Executing jobs using 'parallel' executor
[1.001s] DEBUG:colcon.colcon_parallel_executor.executor.parallel:run_until_complete
[1.001s] DEBUG:colcon.colcon_parallel_executor.executor.parallel:closing loop
[1.001s] DEBUG:colcon.colcon_parallel_executor.executor.parallel:loop closed
[1.002s] DEBUG:colcon.colcon_parallel_executor.executor.parallel:run_until_complete finished with '0'
[1.002s] DEBUG:colcon.colcon_core.event_reactor:joining thread
[1.011s] INFO:colcon.colcon_core.plugin_system:Skipping extension 'colcon_notification.desktop_notification.terminal_notifier': Not used on non-Darwin systems
[1.011s] INFO:colcon.colcon_core.plugin_system:Skipping extension 'colcon_notification.desktop_notification.win32': Not used on non-Windows systems
[1.011s] INFO:colcon.colcon_notification.desktop_notification:Sending desktop notification using 'notify2'
[1.034s] DEBUG:colcon.colcon_core.event_reactor:joined thread
[1.039s] INFO:colcon.colcon_core.plugin_system:Skipping extension 'colcon_core.shell.bat': Not used on non-Windows systems
[1.040s] INFO:colcon.colcon_core.shell:Creating prefix script '/home/student/ros2_ws/src/autonomous_robot/install/local_setup.ps1'
[1.041s] INFO:colcon.colcon_core.shell:Creating prefix util module '/home/student/ros2_ws/src/autonomous_robot/install/_local_setup_util_ps1.py'
[1.044s] INFO:colcon.colcon_core.shell:Creating prefix chain script '/home/student/ros2_ws/src/autonomous_robot/install/setup.ps1'
[1.053s] INFO:colcon.colcon_core.shell:Creating prefix script '/home/student/ros2_ws/src/autonomous_robot/install/local_setup.sh'
[1.057s] INFO:colcon.colcon_core.shell:Creating prefix util module '/home/student/ros2_ws/src/autonomous_robot/install/_local_setup_util_sh.py'
[1.063s] INFO:colcon.colcon_core.shell:Creating prefix chain script '/home/student/ros2_ws/src/autonomous_robot/install/setup.sh'
[1.078s] INFO:colcon.colcon_core.shell:Creating prefix script '/home/student/ros2_ws/src/autonomous_robot/install/local_setup.bash'
[1.079s] INFO:colcon.colcon_core.shell:Creating prefix chain script '/home/student/ros2_ws/src/autonomous_robot/install/setup.bash'
[1.086s] INFO:colcon.colcon_core.shell:Creating prefix script '/home/student/ros2_ws/src/autonomous_robot/install/local_setup.zsh'
[1.087s] INFO:colcon.colcon_core.shell:Creating prefix chain script '/home/student/ros2_ws/src/autonomous_robot/install/setup.zsh'
