[0.029s] Invoking command in '/home/student/ros2_ws/src/build/warehouse_navigation': CMAKE_PREFIX_PATH=/home/student/ros2_ws/install/warehouse_navigation:/home/student/ros2_ws/install/turtlesim:/home/student/ros2_ws/install/turtlebot3:/home/student/ros2_ws/install/turtlebot3_simulations:/home/student/ros2_ws/install/turtlebot3_perception:/home/student/ros2_ws/install/turtlebot3_bringup:/home/student/ros2_ws/install/turtlebot3_node:/home/student/ros2_ws/install/turtlebot3_navigation:/home/student/ros2_ws/install/turtlebot3_fake_node:/home/student/ros2_ws/install/turtlebot3_lidar_processing:/home/student/ros2_ws/install/turtlebot3_image_subscriber:/home/student/ros2_ws/install/turtlebot3_image_processing:/home/student/ros2_ws/install/turtlebot3_goal_sender:/home/student/ros2_ws/install/sprint_2_localiser:/home/student/ros2_ws/install/simple_localizer:/home/student/ros2_ws/install/scan_matching_localizer_tejas:/home/student/ros2_ws/install/dynamixel_sdk_examples:/home/student/ros2_ws/install/turtlebot3_navigation2:/home/student/ros2_ws/install/turtlebot3_msgs:/home/student/ros2_ws/install/turtlebot3_gazebo:/home/student/ros2_ws/install/turtlebot3_description:/home/student/ros2_ws/install/turtlebot3_cartographer:/home/student/ros2_ws/install/scamazon_navigation:/home/student/ros2_ws/install/s2_localizer:/home/student/ros2_ws/install/move_turtlebot:/home/student/ros2_ws/install/localization:/home/student/ros2_ws/install/turtlebot3_example:/home/student/ros2_ws/install/turtlebot3_teleop:/home/student/ros2_ws/install/sml_graph:/opt/ros/humble:/home/student/ros2_ws/install/laser_scan_to_image:/home/student/ros2_ws/install/laser_scan_filter:/home/student/ros2_ws/install/dynamixel_sdk_custom_interfaces:/home/student/ros2_ws/install/dynamixel_sdk /usr/bin/cmake /home/student/ros2_ws/src/warehouse_navigation -DCMAKE_INSTALL_PREFIX=/home/student/ros2_ws/src/install/warehouse_navigation
[5.579s] -- The C compiler identification is GNU 11.4.0
[5.592s] -- The CXX compiler identification is GNU 11.4.0
[5.592s] -- Detecting C compiler ABI info
[5.593s] -- Detecting C compiler ABI info - done
[5.593s] -- Check for working C compiler: /usr/bin/cc - skipped
[5.593s] -- Detecting C compile features
[5.593s] -- Detecting C compile features - done
[5.593s] -- Detecting CXX compiler ABI info
[5.593s] -- Detecting CXX compiler ABI info - done
[5.594s] -- Check for working CXX compiler: /usr/bin/c++ - skipped
[5.594s] -- Detecting CXX compile features
[5.594s] -- Detecting CXX compile features - done
[5.594s] -- Found ament_cmake: 1.3.9 (/opt/ros/humble/share/ament_cmake/cmake)
[5.594s] -- Found Python3: /usr/bin/python3 (found version "3.10.12") found components: Interpreter 
[5.594s] -- Configuring done
[5.594s] -- Generating done
[5.595s] -- Build files have been written to: /home/student/ros2_ws/src/build/warehouse_navigation
[5.629s] Invoked command in '/home/student/ros2_ws/src/build/warehouse_navigation' returned '0': CMAKE_PREFIX_PATH=/home/student/ros2_ws/install/warehouse_navigation:/home/student/ros2_ws/install/turtlesim:/home/student/ros2_ws/install/turtlebot3:/home/student/ros2_ws/install/turtlebot3_simulations:/home/student/ros2_ws/install/turtlebot3_perception:/home/student/ros2_ws/install/turtlebot3_bringup:/home/student/ros2_ws/install/turtlebot3_node:/home/student/ros2_ws/install/turtlebot3_navigation:/home/student/ros2_ws/install/turtlebot3_fake_node:/home/student/ros2_ws/install/turtlebot3_lidar_processing:/home/student/ros2_ws/install/turtlebot3_image_subscriber:/home/student/ros2_ws/install/turtlebot3_image_processing:/home/student/ros2_ws/install/turtlebot3_goal_sender:/home/student/ros2_ws/install/sprint_2_localiser:/home/student/ros2_ws/install/simple_localizer:/home/student/ros2_ws/install/scan_matching_localizer_tejas:/home/student/ros2_ws/install/dynamixel_sdk_examples:/home/student/ros2_ws/install/turtlebot3_navigation2:/home/student/ros2_ws/install/turtlebot3_msgs:/home/student/ros2_ws/install/turtlebot3_gazebo:/home/student/ros2_ws/install/turtlebot3_description:/home/student/ros2_ws/install/turtlebot3_cartographer:/home/student/ros2_ws/install/scamazon_navigation:/home/student/ros2_ws/install/s2_localizer:/home/student/ros2_ws/install/move_turtlebot:/home/student/ros2_ws/install/localization:/home/student/ros2_ws/install/turtlebot3_example:/home/student/ros2_ws/install/turtlebot3_teleop:/home/student/ros2_ws/install/sml_graph:/opt/ros/humble:/home/student/ros2_ws/install/laser_scan_to_image:/home/student/ros2_ws/install/laser_scan_filter:/home/student/ros2_ws/install/dynamixel_sdk_custom_interfaces:/home/student/ros2_ws/install/dynamixel_sdk /usr/bin/cmake /home/student/ros2_ws/src/warehouse_navigation -DCMAKE_INSTALL_PREFIX=/home/student/ros2_ws/src/install/warehouse_navigation
[5.630s] Invoking command in '/home/student/ros2_ws/src/build/warehouse_navigation': CMAKE_PREFIX_PATH=/home/student/ros2_ws/install/warehouse_navigation:/home/student/ros2_ws/install/turtlesim:/home/student/ros2_ws/install/turtlebot3:/home/student/ros2_ws/install/turtlebot3_simulations:/home/student/ros2_ws/install/turtlebot3_perception:/home/student/ros2_ws/install/turtlebot3_bringup:/home/student/ros2_ws/install/turtlebot3_node:/home/student/ros2_ws/install/turtlebot3_navigation:/home/student/ros2_ws/install/turtlebot3_fake_node:/home/student/ros2_ws/install/turtlebot3_lidar_processing:/home/student/ros2_ws/install/turtlebot3_image_subscriber:/home/student/ros2_ws/install/turtlebot3_image_processing:/home/student/ros2_ws/install/turtlebot3_goal_sender:/home/student/ros2_ws/install/sprint_2_localiser:/home/student/ros2_ws/install/simple_localizer:/home/student/ros2_ws/install/scan_matching_localizer_tejas:/home/student/ros2_ws/install/dynamixel_sdk_examples:/home/student/ros2_ws/install/turtlebot3_navigation2:/home/student/ros2_ws/install/turtlebot3_msgs:/home/student/ros2_ws/install/turtlebot3_gazebo:/home/student/ros2_ws/install/turtlebot3_description:/home/student/ros2_ws/install/turtlebot3_cartographer:/home/student/ros2_ws/install/scamazon_navigation:/home/student/ros2_ws/install/s2_localizer:/home/student/ros2_ws/install/move_turtlebot:/home/student/ros2_ws/install/localization:/home/student/ros2_ws/install/turtlebot3_example:/home/student/ros2_ws/install/turtlebot3_teleop:/home/student/ros2_ws/install/sml_graph:/opt/ros/humble:/home/student/ros2_ws/install/laser_scan_to_image:/home/student/ros2_ws/install/laser_scan_filter:/home/student/ros2_ws/install/dynamixel_sdk_custom_interfaces:/home/student/ros2_ws/install/dynamixel_sdk /usr/bin/cmake --build /home/student/ros2_ws/src/build/warehouse_navigation -- -j8 -l8
[6.361s] Invoked command in '/home/student/ros2_ws/src/build/warehouse_navigation' returned '0': CMAKE_PREFIX_PATH=/home/student/ros2_ws/install/warehouse_navigation:/home/student/ros2_ws/install/turtlesim:/home/student/ros2_ws/install/turtlebot3:/home/student/ros2_ws/install/turtlebot3_simulations:/home/student/ros2_ws/install/turtlebot3_perception:/home/student/ros2_ws/install/turtlebot3_bringup:/home/student/ros2_ws/install/turtlebot3_node:/home/student/ros2_ws/install/turtlebot3_navigation:/home/student/ros2_ws/install/turtlebot3_fake_node:/home/student/ros2_ws/install/turtlebot3_lidar_processing:/home/student/ros2_ws/install/turtlebot3_image_subscriber:/home/student/ros2_ws/install/turtlebot3_image_processing:/home/student/ros2_ws/install/turtlebot3_goal_sender:/home/student/ros2_ws/install/sprint_2_localiser:/home/student/ros2_ws/install/simple_localizer:/home/student/ros2_ws/install/scan_matching_localizer_tejas:/home/student/ros2_ws/install/dynamixel_sdk_examples:/home/student/ros2_ws/install/turtlebot3_navigation2:/home/student/ros2_ws/install/turtlebot3_msgs:/home/student/ros2_ws/install/turtlebot3_gazebo:/home/student/ros2_ws/install/turtlebot3_description:/home/student/ros2_ws/install/turtlebot3_cartographer:/home/student/ros2_ws/install/scamazon_navigation:/home/student/ros2_ws/install/s2_localizer:/home/student/ros2_ws/install/move_turtlebot:/home/student/ros2_ws/install/localization:/home/student/ros2_ws/install/turtlebot3_example:/home/student/ros2_ws/install/turtlebot3_teleop:/home/student/ros2_ws/install/sml_graph:/opt/ros/humble:/home/student/ros2_ws/install/laser_scan_to_image:/home/student/ros2_ws/install/laser_scan_filter:/home/student/ros2_ws/install/dynamixel_sdk_custom_interfaces:/home/student/ros2_ws/install/dynamixel_sdk /usr/bin/cmake --build /home/student/ros2_ws/src/build/warehouse_navigation -- -j8 -l8
[6.623s] Invoking command in '/home/student/ros2_ws/src/build/warehouse_navigation': CMAKE_PREFIX_PATH=/home/student/ros2_ws/install/warehouse_navigation:/home/student/ros2_ws/install/turtlesim:/home/student/ros2_ws/install/turtlebot3:/home/student/ros2_ws/install/turtlebot3_simulations:/home/student/ros2_ws/install/turtlebot3_perception:/home/student/ros2_ws/install/turtlebot3_bringup:/home/student/ros2_ws/install/turtlebot3_node:/home/student/ros2_ws/install/turtlebot3_navigation:/home/student/ros2_ws/install/turtlebot3_fake_node:/home/student/ros2_ws/install/turtlebot3_lidar_processing:/home/student/ros2_ws/install/turtlebot3_image_subscriber:/home/student/ros2_ws/install/turtlebot3_image_processing:/home/student/ros2_ws/install/turtlebot3_goal_sender:/home/student/ros2_ws/install/sprint_2_localiser:/home/student/ros2_ws/install/simple_localizer:/home/student/ros2_ws/install/scan_matching_localizer_tejas:/home/student/ros2_ws/install/dynamixel_sdk_examples:/home/student/ros2_ws/install/turtlebot3_navigation2:/home/student/ros2_ws/install/turtlebot3_msgs:/home/student/ros2_ws/install/turtlebot3_gazebo:/home/student/ros2_ws/install/turtlebot3_description:/home/student/ros2_ws/install/turtlebot3_cartographer:/home/student/ros2_ws/install/scamazon_navigation:/home/student/ros2_ws/install/s2_localizer:/home/student/ros2_ws/install/move_turtlebot:/home/student/ros2_ws/install/localization:/home/student/ros2_ws/install/turtlebot3_example:/home/student/ros2_ws/install/turtlebot3_teleop:/home/student/ros2_ws/install/sml_graph:/opt/ros/humble:/home/student/ros2_ws/install/laser_scan_to_image:/home/student/ros2_ws/install/laser_scan_filter:/home/student/ros2_ws/install/dynamixel_sdk_custom_interfaces:/home/student/ros2_ws/install/dynamixel_sdk /usr/bin/cmake --install /home/student/ros2_ws/src/build/warehouse_navigation
[6.645s] -- Install configuration: ""
[6.646s] -- Installing: /home/student/ros2_ws/src/install/warehouse_navigation/share/warehouse_navigation/launch
[6.647s] -- Installing: /home/student/ros2_ws/src/install/warehouse_navigation/share/warehouse_navigation/launch/warehouse.launch.py:Zone.Identifier
[6.647s] -- Installing: /home/student/ros2_ws/src/install/warehouse_navigation/share/warehouse_navigation/launch/warehouse.launch.py
[6.648s] -- Installing: /home/student/ros2_ws/src/install/warehouse_navigation/share/warehouse_navigation/map
[6.648s] -- Installing: /home/student/ros2_ws/src/install/warehouse_navigation/share/warehouse_navigation/map/small_warehouse.yaml:Zone.Identifier
[6.648s] -- Installing: /home/student/ros2_ws/src/install/warehouse_navigation/share/warehouse_navigation/map/map.yaml
[6.648s] -- Installing: /home/student/ros2_ws/src/install/warehouse_navigation/share/warehouse_navigation/map/warehouse_map.yaml
[6.648s] -- Installing: /home/student/ros2_ws/src/install/warehouse_navigation/share/warehouse_navigation/map/map.yaml:Zone.Identifier
[6.648s] -- Installing: /home/student/ros2_ws/src/install/warehouse_navigation/share/warehouse_navigation/map/warehouse_map.yaml:Zone.Identifier
[6.648s] -- Installing: /home/student/ros2_ws/src/install/warehouse_navigation/share/warehouse_navigation/map/warehouse_map.pgm
[6.649s] -- Installing: /home/student/ros2_ws/src/install/warehouse_navigation/share/warehouse_navigation/map/warehouse_map.pgm:Zone.Identifier
[6.651s] -- Installing: /home/student/ros2_ws/src/install/warehouse_navigation/share/warehouse_navigation/map/small_warehouse.yaml
[6.651s] -- Installing: /home/student/ros2_ws/src/install/warehouse_navigation/share/warehouse_navigation/map/map.pgm
[6.652s] -- Installing: /home/student/ros2_ws/src/install/warehouse_navigation/share/warehouse_navigation/map/small_warehouse.pgm
[6.653s] -- Installing: /home/student/ros2_ws/src/install/warehouse_navigation/share/warehouse_navigation/map/small_warehouse.pgm:Zone.Identifier
[6.653s] -- Installing: /home/student/ros2_ws/src/install/warehouse_navigation/share/warehouse_navigation/map/map.pgm:Zone.Identifier
[6.653s] -- Installing: /home/student/ros2_ws/src/install/warehouse_navigation/share/warehouse_navigation/param
[6.653s] -- Installing: /home/student/ros2_ws/src/install/warehouse_navigation/share/warehouse_navigation/param/burger.yaml:Zone.Identifier
[6.654s] -- Installing: /home/student/ros2_ws/src/install/warehouse_navigation/share/warehouse_navigation/param/waffle.yaml:Zone.Identifier
[6.654s] -- Installing: /home/student/ros2_ws/src/install/warehouse_navigation/share/warehouse_navigation/param/waffle_pi.yaml:Zone.Identifier
[6.654s] -- Installing: /home/student/ros2_ws/src/install/warehouse_navigation/share/warehouse_navigation/param/waffle.yaml
[6.655s] -- Installing: /home/student/ros2_ws/src/install/warehouse_navigation/share/warehouse_navigation/param/burger.yaml
[6.655s] -- Installing: /home/student/ros2_ws/src/install/warehouse_navigation/share/warehouse_navigation/param/waffle_pi.yaml
[6.655s] -- Installing: /home/student/ros2_ws/src/install/warehouse_navigation/share/warehouse_navigation/rviz
[6.655s] -- Installing: /home/student/ros2_ws/src/install/warehouse_navigation/share/warehouse_navigation/rviz/tb3_navigation2.rviz
[6.656s] -- Installing: /home/student/ros2_ws/src/install/warehouse_navigation/share/warehouse_navigation/rviz/tb3_navigation2.rviz:Zone.Identifier
[6.657s] -- Installing: /home/student/ros2_ws/src/install/warehouse_navigation/share/ament_index/resource_index/package_run_dependencies/warehouse_navigation
[6.657s] -- Installing: /home/student/ros2_ws/src/install/warehouse_navigation/share/ament_index/resource_index/parent_prefix_path/warehouse_navigation
[6.657s] -- Installing: /home/student/ros2_ws/src/install/warehouse_navigation/share/warehouse_navigation/environment/ament_prefix_path.sh
[6.658s] -- Installing: /home/student/ros2_ws/src/install/warehouse_navigation/share/warehouse_navigation/environment/ament_prefix_path.dsv
[6.658s] -- Installing: /home/student/ros2_ws/src/install/warehouse_navigation/share/warehouse_navigation/environment/path.sh
[6.659s] -- Installing: /home/student/ros2_ws/src/install/warehouse_navigation/share/warehouse_navigation/environment/path.dsv
[6.659s] -- Installing: /home/student/ros2_ws/src/install/warehouse_navigation/share/warehouse_navigation/local_setup.bash
[6.659s] -- Installing: /home/student/ros2_ws/src/install/warehouse_navigation/share/warehouse_navigation/local_setup.sh
[6.660s] -- Installing: /home/student/ros2_ws/src/install/warehouse_navigation/share/warehouse_navigation/local_setup.zsh
[6.660s] -- Installing: /home/student/ros2_ws/src/install/warehouse_navigation/share/warehouse_navigation/local_setup.dsv
[6.660s] -- Installing: /home/student/ros2_ws/src/install/warehouse_navigation/share/warehouse_navigation/package.dsv
[6.661s] -- Installing: /home/student/ros2_ws/src/install/warehouse_navigation/share/ament_index/resource_index/packages/warehouse_navigation
[6.661s] -- Installing: /home/student/ros2_ws/src/install/warehouse_navigation/share/warehouse_navigation/cmake/warehouse_navigationConfig.cmake
[6.661s] -- Installing: /home/student/ros2_ws/src/install/warehouse_navigation/share/warehouse_navigation/cmake/warehouse_navigationConfig-version.cmake
[6.661s] -- Installing: /home/student/ros2_ws/src/install/warehouse_navigation/share/warehouse_navigation/package.xml
[6.669s] Invoked command in '/home/student/ros2_ws/src/build/warehouse_navigation' returned '0': CMAKE_PREFIX_PATH=/home/student/ros2_ws/install/warehouse_navigation:/home/student/ros2_ws/install/turtlesim:/home/student/ros2_ws/install/turtlebot3:/home/student/ros2_ws/install/turtlebot3_simulations:/home/student/ros2_ws/install/turtlebot3_perception:/home/student/ros2_ws/install/turtlebot3_bringup:/home/student/ros2_ws/install/turtlebot3_node:/home/student/ros2_ws/install/turtlebot3_navigation:/home/student/ros2_ws/install/turtlebot3_fake_node:/home/student/ros2_ws/install/turtlebot3_lidar_processing:/home/student/ros2_ws/install/turtlebot3_image_subscriber:/home/student/ros2_ws/install/turtlebot3_image_processing:/home/student/ros2_ws/install/turtlebot3_goal_sender:/home/student/ros2_ws/install/sprint_2_localiser:/home/student/ros2_ws/install/simple_localizer:/home/student/ros2_ws/install/scan_matching_localizer_tejas:/home/student/ros2_ws/install/dynamixel_sdk_examples:/home/student/ros2_ws/install/turtlebot3_navigation2:/home/student/ros2_ws/install/turtlebot3_msgs:/home/student/ros2_ws/install/turtlebot3_gazebo:/home/student/ros2_ws/install/turtlebot3_description:/home/student/ros2_ws/install/turtlebot3_cartographer:/home/student/ros2_ws/install/scamazon_navigation:/home/student/ros2_ws/install/s2_localizer:/home/student/ros2_ws/install/move_turtlebot:/home/student/ros2_ws/install/localization:/home/student/ros2_ws/install/turtlebot3_example:/home/student/ros2_ws/install/turtlebot3_teleop:/home/student/ros2_ws/install/sml_graph:/opt/ros/humble:/home/student/ros2_ws/install/laser_scan_to_image:/home/student/ros2_ws/install/laser_scan_filter:/home/student/ros2_ws/install/dynamixel_sdk_custom_interfaces:/home/student/ros2_ws/install/dynamixel_sdk /usr/bin/cmake --install /home/student/ros2_ws/src/build/warehouse_navigation
