[0.059s] Invoking command in '/home/student/ros2_ws/src/build/simple_localizer': CMAKE_PREFIX_PATH=/home/student/ros2_ws/install/warehouse_navigation:/home/student/ros2_ws/install/turtlesim:/home/student/ros2_ws/install/turtlebot3:/home/student/ros2_ws/install/turtlebot3_simulations:/home/student/ros2_ws/install/turtlebot3_perception:/home/student/ros2_ws/install/turtlebot3_bringup:/home/student/ros2_ws/install/turtlebot3_node:/home/student/ros2_ws/install/turtlebot3_navigation:/home/student/ros2_ws/install/turtlebot3_fake_node:/home/student/ros2_ws/install/turtlebot3_lidar_processing:/home/student/ros2_ws/install/turtlebot3_image_subscriber:/home/student/ros2_ws/install/turtlebot3_image_processing:/home/student/ros2_ws/install/turtlebot3_goal_sender:/home/student/ros2_ws/install/sprint_2_localiser:/home/student/ros2_ws/install/simple_localizer:/home/student/ros2_ws/install/scan_matching_localizer_tejas:/home/student/ros2_ws/install/dynamixel_sdk_examples:/home/student/ros2_ws/install/turtlebot3_navigation2:/home/student/ros2_ws/install/turtlebot3_msgs:/home/student/ros2_ws/install/turtlebot3_gazebo:/home/student/ros2_ws/install/turtlebot3_description:/home/student/ros2_ws/install/turtlebot3_cartographer:/home/student/ros2_ws/install/scamazon_navigation:/home/student/ros2_ws/install/s2_localizer:/home/student/ros2_ws/install/move_turtlebot:/home/student/ros2_ws/install/localization:/home/student/ros2_ws/install/turtlebot3_example:/home/student/ros2_ws/install/turtlebot3_teleop:/home/student/ros2_ws/install/sml_graph:/opt/ros/humble:/home/student/ros2_ws/install/laser_scan_to_image:/home/student/ros2_ws/install/laser_scan_filter:/home/student/ros2_ws/install/dynamixel_sdk_custom_interfaces:/home/student/ros2_ws/install/dynamixel_sdk /usr/bin/cmake /home/student/ros2_ws/src/simple_localizer -DCMAKE_INSTALL_PREFIX=/home/student/ros2_ws/src/install/simple_localizer
[3.131s] -- The C compiler identification is GNU 11.4.0
[3.131s] -- The CXX compiler identification is GNU 11.4.0
[3.132s] -- Detecting C compiler ABI info
[3.132s] -- Detecting C compiler ABI info - done
[3.132s] -- Check for working C compiler: /usr/bin/cc - skipped
[3.132s] -- Detecting C compile features
[3.132s] -- Detecting C compile features - done
[3.132s] -- Detecting CXX compiler ABI info
[3.132s] -- Detecting CXX compiler ABI info - done
[3.132s] -- Check for working CXX compiler: /usr/bin/c++ - skipped
[3.132s] -- Detecting CXX compile features
[3.133s] -- Detecting CXX compile features - done
[3.133s] -- Found ament_cmake: 1.3.9 (/opt/ros/humble/share/ament_cmake/cmake)
[3.133s] -- Found Python3: /usr/bin/python3 (found version "3.10.12") found components: Interpreter 
[3.133s] -- Found rclcpp: 16.0.9 (/opt/ros/humble/share/rclcpp/cmake)
[3.133s] -- Found rosidl_generator_c: 3.1.5 (/opt/ros/humble/share/rosidl_generator_c/cmake)
[3.133s] -- Found rosidl_adapter: 3.1.5 (/opt/ros/humble/share/rosidl_adapter/cmake)
[3.133s] -- Found rosidl_generator_cpp: 3.1.5 (/opt/ros/humble/share/rosidl_generator_cpp/cmake)
[3.133s] -- Using all available rosidl_typesupport_c: rosidl_typesupport_fastrtps_c;rosidl_typesupport_introspection_c
[3.133s] -- Using all available rosidl_typesupport_cpp: rosidl_typesupport_fastrtps_cpp;rosidl_typesupport_introspection_cpp
[3.134s] -- Found rmw_implementation_cmake: 6.1.2 (/opt/ros/humble/share/rmw_implementation_cmake/cmake)
[3.134s] -- Found rmw_fastrtps_cpp: 6.2.6 (/opt/ros/humble/share/rmw_fastrtps_cpp/cmake)
[3.134s] -- Found OpenSSL: /usr/lib/x86_64-linux-gnu/libcrypto.so (found version "3.0.2")  
[3.134s] -- Found FastRTPS: /opt/ros/humble/include  
[3.134s] -- Using RMW implementation 'rmw_fastrtps_cpp' as default
[3.134s] -- Looking for pthread.h
[3.134s] -- Looking for pthread.h - found
[3.134s] -- Performing Test CMAKE_HAVE_LIBC_PTHREAD
[3.134s] -- Performing Test CMAKE_HAVE_LIBC_PTHREAD - Success
[3.135s] -- Found Threads: TRUE  
[3.135s] -- Found sensor_msgs: 4.2.4 (/opt/ros/humble/share/sensor_msgs/cmake)
[3.135s] -- Configuring done
[3.135s] -- Generating done
[3.135s] -- Build files have been written to: /home/student/ros2_ws/src/build/simple_localizer
[3.137s] Invoked command in '/home/student/ros2_ws/src/build/simple_localizer' returned '0': CMAKE_PREFIX_PATH=/home/student/ros2_ws/install/warehouse_navigation:/home/student/ros2_ws/install/turtlesim:/home/student/ros2_ws/install/turtlebot3:/home/student/ros2_ws/install/turtlebot3_simulations:/home/student/ros2_ws/install/turtlebot3_perception:/home/student/ros2_ws/install/turtlebot3_bringup:/home/student/ros2_ws/install/turtlebot3_node:/home/student/ros2_ws/install/turtlebot3_navigation:/home/student/ros2_ws/install/turtlebot3_fake_node:/home/student/ros2_ws/install/turtlebot3_lidar_processing:/home/student/ros2_ws/install/turtlebot3_image_subscriber:/home/student/ros2_ws/install/turtlebot3_image_processing:/home/student/ros2_ws/install/turtlebot3_goal_sender:/home/student/ros2_ws/install/sprint_2_localiser:/home/student/ros2_ws/install/simple_localizer:/home/student/ros2_ws/install/scan_matching_localizer_tejas:/home/student/ros2_ws/install/dynamixel_sdk_examples:/home/student/ros2_ws/install/turtlebot3_navigation2:/home/student/ros2_ws/install/turtlebot3_msgs:/home/student/ros2_ws/install/turtlebot3_gazebo:/home/student/ros2_ws/install/turtlebot3_description:/home/student/ros2_ws/install/turtlebot3_cartographer:/home/student/ros2_ws/install/scamazon_navigation:/home/student/ros2_ws/install/s2_localizer:/home/student/ros2_ws/install/move_turtlebot:/home/student/ros2_ws/install/localization:/home/student/ros2_ws/install/turtlebot3_example:/home/student/ros2_ws/install/turtlebot3_teleop:/home/student/ros2_ws/install/sml_graph:/opt/ros/humble:/home/student/ros2_ws/install/laser_scan_to_image:/home/student/ros2_ws/install/laser_scan_filter:/home/student/ros2_ws/install/dynamixel_sdk_custom_interfaces:/home/student/ros2_ws/install/dynamixel_sdk /usr/bin/cmake /home/student/ros2_ws/src/simple_localizer -DCMAKE_INSTALL_PREFIX=/home/student/ros2_ws/src/install/simple_localizer
[3.139s] Invoking command in '/home/student/ros2_ws/src/build/simple_localizer': CMAKE_PREFIX_PATH=/home/student/ros2_ws/install/warehouse_navigation:/home/student/ros2_ws/install/turtlesim:/home/student/ros2_ws/install/turtlebot3:/home/student/ros2_ws/install/turtlebot3_simulations:/home/student/ros2_ws/install/turtlebot3_perception:/home/student/ros2_ws/install/turtlebot3_bringup:/home/student/ros2_ws/install/turtlebot3_node:/home/student/ros2_ws/install/turtlebot3_navigation:/home/student/ros2_ws/install/turtlebot3_fake_node:/home/student/ros2_ws/install/turtlebot3_lidar_processing:/home/student/ros2_ws/install/turtlebot3_image_subscriber:/home/student/ros2_ws/install/turtlebot3_image_processing:/home/student/ros2_ws/install/turtlebot3_goal_sender:/home/student/ros2_ws/install/sprint_2_localiser:/home/student/ros2_ws/install/simple_localizer:/home/student/ros2_ws/install/scan_matching_localizer_tejas:/home/student/ros2_ws/install/dynamixel_sdk_examples:/home/student/ros2_ws/install/turtlebot3_navigation2:/home/student/ros2_ws/install/turtlebot3_msgs:/home/student/ros2_ws/install/turtlebot3_gazebo:/home/student/ros2_ws/install/turtlebot3_description:/home/student/ros2_ws/install/turtlebot3_cartographer:/home/student/ros2_ws/install/scamazon_navigation:/home/student/ros2_ws/install/s2_localizer:/home/student/ros2_ws/install/move_turtlebot:/home/student/ros2_ws/install/localization:/home/student/ros2_ws/install/turtlebot3_example:/home/student/ros2_ws/install/turtlebot3_teleop:/home/student/ros2_ws/install/sml_graph:/opt/ros/humble:/home/student/ros2_ws/install/laser_scan_to_image:/home/student/ros2_ws/install/laser_scan_filter:/home/student/ros2_ws/install/dynamixel_sdk_custom_interfaces:/home/student/ros2_ws/install/dynamixel_sdk /usr/bin/cmake --build /home/student/ros2_ws/src/build/simple_localizer -- -j8 -l8
[4.193s] [ 50%] [32mBuilding CXX object CMakeFiles/scan_matching_localiser.dir/src/scan_matching_localiser.cpp.o[0m
[18.826s] [100%] [32m[1mLinking CXX executable scan_matching_localiser[0m
[19.587s] [100%] Built target scan_matching_localiser
[19.608s] Invoked command in '/home/student/ros2_ws/src/build/simple_localizer' returned '0': CMAKE_PREFIX_PATH=/home/student/ros2_ws/install/warehouse_navigation:/home/student/ros2_ws/install/turtlesim:/home/student/ros2_ws/install/turtlebot3:/home/student/ros2_ws/install/turtlebot3_simulations:/home/student/ros2_ws/install/turtlebot3_perception:/home/student/ros2_ws/install/turtlebot3_bringup:/home/student/ros2_ws/install/turtlebot3_node:/home/student/ros2_ws/install/turtlebot3_navigation:/home/student/ros2_ws/install/turtlebot3_fake_node:/home/student/ros2_ws/install/turtlebot3_lidar_processing:/home/student/ros2_ws/install/turtlebot3_image_subscriber:/home/student/ros2_ws/install/turtlebot3_image_processing:/home/student/ros2_ws/install/turtlebot3_goal_sender:/home/student/ros2_ws/install/sprint_2_localiser:/home/student/ros2_ws/install/simple_localizer:/home/student/ros2_ws/install/scan_matching_localizer_tejas:/home/student/ros2_ws/install/dynamixel_sdk_examples:/home/student/ros2_ws/install/turtlebot3_navigation2:/home/student/ros2_ws/install/turtlebot3_msgs:/home/student/ros2_ws/install/turtlebot3_gazebo:/home/student/ros2_ws/install/turtlebot3_description:/home/student/ros2_ws/install/turtlebot3_cartographer:/home/student/ros2_ws/install/scamazon_navigation:/home/student/ros2_ws/install/s2_localizer:/home/student/ros2_ws/install/move_turtlebot:/home/student/ros2_ws/install/localization:/home/student/ros2_ws/install/turtlebot3_example:/home/student/ros2_ws/install/turtlebot3_teleop:/home/student/ros2_ws/install/sml_graph:/opt/ros/humble:/home/student/ros2_ws/install/laser_scan_to_image:/home/student/ros2_ws/install/laser_scan_filter:/home/student/ros2_ws/install/dynamixel_sdk_custom_interfaces:/home/student/ros2_ws/install/dynamixel_sdk /usr/bin/cmake --build /home/student/ros2_ws/src/build/simple_localizer -- -j8 -l8
[19.693s] Invoking command in '/home/student/ros2_ws/src/build/simple_localizer': CMAKE_PREFIX_PATH=/home/student/ros2_ws/install/warehouse_navigation:/home/student/ros2_ws/install/turtlesim:/home/student/ros2_ws/install/turtlebot3:/home/student/ros2_ws/install/turtlebot3_simulations:/home/student/ros2_ws/install/turtlebot3_perception:/home/student/ros2_ws/install/turtlebot3_bringup:/home/student/ros2_ws/install/turtlebot3_node:/home/student/ros2_ws/install/turtlebot3_navigation:/home/student/ros2_ws/install/turtlebot3_fake_node:/home/student/ros2_ws/install/turtlebot3_lidar_processing:/home/student/ros2_ws/install/turtlebot3_image_subscriber:/home/student/ros2_ws/install/turtlebot3_image_processing:/home/student/ros2_ws/install/turtlebot3_goal_sender:/home/student/ros2_ws/install/sprint_2_localiser:/home/student/ros2_ws/install/simple_localizer:/home/student/ros2_ws/install/scan_matching_localizer_tejas:/home/student/ros2_ws/install/dynamixel_sdk_examples:/home/student/ros2_ws/install/turtlebot3_navigation2:/home/student/ros2_ws/install/turtlebot3_msgs:/home/student/ros2_ws/install/turtlebot3_gazebo:/home/student/ros2_ws/install/turtlebot3_description:/home/student/ros2_ws/install/turtlebot3_cartographer:/home/student/ros2_ws/install/scamazon_navigation:/home/student/ros2_ws/install/s2_localizer:/home/student/ros2_ws/install/move_turtlebot:/home/student/ros2_ws/install/localization:/home/student/ros2_ws/install/turtlebot3_example:/home/student/ros2_ws/install/turtlebot3_teleop:/home/student/ros2_ws/install/sml_graph:/opt/ros/humble:/home/student/ros2_ws/install/laser_scan_to_image:/home/student/ros2_ws/install/laser_scan_filter:/home/student/ros2_ws/install/dynamixel_sdk_custom_interfaces:/home/student/ros2_ws/install/dynamixel_sdk /usr/bin/cmake --install /home/student/ros2_ws/src/build/simple_localizer
[19.970s] -- Install configuration: ""
[19.970s] -- Installing: /home/student/ros2_ws/src/install/simple_localizer/lib/simple_localizer/scan_matching_localiser
[19.970s] -- Set runtime path of "/home/student/ros2_ws/src/install/simple_localizer/lib/simple_localizer/scan_matching_localiser" to ""
[19.971s] -- Installing: /home/student/ros2_ws/src/install/simple_localizer/share/ament_index/resource_index/package_run_dependencies/simple_localizer
[19.971s] -- Installing: /home/student/ros2_ws/src/install/simple_localizer/share/ament_index/resource_index/parent_prefix_path/simple_localizer
[19.971s] -- Installing: /home/student/ros2_ws/src/install/simple_localizer/share/simple_localizer/environment/ament_prefix_path.sh
[19.971s] -- Installing: /home/student/ros2_ws/src/install/simple_localizer/share/simple_localizer/environment/ament_prefix_path.dsv
[19.971s] -- Installing: /home/student/ros2_ws/src/install/simple_localizer/share/simple_localizer/environment/path.sh
[19.971s] -- Installing: /home/student/ros2_ws/src/install/simple_localizer/share/simple_localizer/environment/path.dsv
[19.972s] -- Installing: /home/student/ros2_ws/src/install/simple_localizer/share/simple_localizer/local_setup.bash
[19.972s] -- Installing: /home/student/ros2_ws/src/install/simple_localizer/share/simple_localizer/local_setup.sh
[19.972s] -- Installing: /home/student/ros2_ws/src/install/simple_localizer/share/simple_localizer/local_setup.zsh
[19.972s] -- Installing: /home/student/ros2_ws/src/install/simple_localizer/share/simple_localizer/local_setup.dsv
[19.972s] -- Installing: /home/student/ros2_ws/src/install/simple_localizer/share/simple_localizer/package.dsv
[19.973s] -- Installing: /home/student/ros2_ws/src/install/simple_localizer/share/ament_index/resource_index/packages/simple_localizer
[19.973s] -- Installing: /home/student/ros2_ws/src/install/simple_localizer/share/simple_localizer/cmake/simple_localizerConfig.cmake
[19.973s] -- Installing: /home/student/ros2_ws/src/install/simple_localizer/share/simple_localizer/cmake/simple_localizerConfig-version.cmake
[19.973s] -- Installing: /home/student/ros2_ws/src/install/simple_localizer/share/simple_localizer/package.xml
[19.978s] Invoked command in '/home/student/ros2_ws/src/build/simple_localizer' returned '0': CMAKE_PREFIX_PATH=/home/student/ros2_ws/install/warehouse_navigation:/home/student/ros2_ws/install/turtlesim:/home/student/ros2_ws/install/turtlebot3:/home/student/ros2_ws/install/turtlebot3_simulations:/home/student/ros2_ws/install/turtlebot3_perception:/home/student/ros2_ws/install/turtlebot3_bringup:/home/student/ros2_ws/install/turtlebot3_node:/home/student/ros2_ws/install/turtlebot3_navigation:/home/student/ros2_ws/install/turtlebot3_fake_node:/home/student/ros2_ws/install/turtlebot3_lidar_processing:/home/student/ros2_ws/install/turtlebot3_image_subscriber:/home/student/ros2_ws/install/turtlebot3_image_processing:/home/student/ros2_ws/install/turtlebot3_goal_sender:/home/student/ros2_ws/install/sprint_2_localiser:/home/student/ros2_ws/install/simple_localizer:/home/student/ros2_ws/install/scan_matching_localizer_tejas:/home/student/ros2_ws/install/dynamixel_sdk_examples:/home/student/ros2_ws/install/turtlebot3_navigation2:/home/student/ros2_ws/install/turtlebot3_msgs:/home/student/ros2_ws/install/turtlebot3_gazebo:/home/student/ros2_ws/install/turtlebot3_description:/home/student/ros2_ws/install/turtlebot3_cartographer:/home/student/ros2_ws/install/scamazon_navigation:/home/student/ros2_ws/install/s2_localizer:/home/student/ros2_ws/install/move_turtlebot:/home/student/ros2_ws/install/localization:/home/student/ros2_ws/install/turtlebot3_example:/home/student/ros2_ws/install/turtlebot3_teleop:/home/student/ros2_ws/install/sml_graph:/opt/ros/humble:/home/student/ros2_ws/install/laser_scan_to_image:/home/student/ros2_ws/install/laser_scan_filter:/home/student/ros2_ws/install/dynamixel_sdk_custom_interfaces:/home/student/ros2_ws/install/dynamixel_sdk /usr/bin/cmake --install /home/student/ros2_ws/src/build/simple_localizer
