-- The C compiler identification is GNU 11.4.0
-- The CXX compiler identification is GNU 11.4.0
-- Detecting C compiler ABI info
-- Detecting C compiler ABI info - done
-- Check for working C compiler: /usr/bin/cc - skipped
-- Detecting C compile features
-- Detecting C compile features - done
-- Detecting CXX compiler ABI info
-- Detecting CXX compiler ABI info - done
-- Check for working CXX compiler: /usr/bin/c++ - skipped
-- Detecting CXX compile features
-- Detecting CXX compile features - done
-- Found ament_cmake: 1.3.9 (/opt/ros/humble/share/ament_cmake/cmake)
-- Found Python3: /usr/bin/python3 (found version "3.10.12") found components: Interpreter 
-- Found rclcpp: 16.0.9 (/opt/ros/humble/share/rclcpp/cmake)
-- Found rosidl_generator_c: 3.1.5 (/opt/ros/humble/share/rosidl_generator_c/cmake)
-- Found rosidl_adapter: 3.1.5 (/opt/ros/humble/share/rosidl_adapter/cmake)
-- Found rosidl_generator_cpp: 3.1.5 (/opt/ros/humble/share/rosidl_generator_cpp/cmake)
-- Using all available rosidl_typesupport_c: rosidl_typesupport_fastrtps_c;rosidl_typesupport_introspection_c
-- Using all available rosidl_typesupport_cpp: rosidl_typesupport_fastrtps_cpp;rosidl_typesupport_introspection_cpp
-- Found rmw_implementation_cmake: 6.1.2 (/opt/ros/humble/share/rmw_implementation_cmake/cmake)
-- Found rmw_fastrtps_cpp: 6.2.6 (/opt/ros/humble/share/rmw_fastrtps_cpp/cmake)
-- Found OpenSSL: /usr/lib/x86_64-linux-gnu/libcrypto.so (found version "3.0.2")  
-- Found FastRTPS: /opt/ros/humble/include  
-- Using RMW implementation 'rmw_fastrtps_cpp' as default
-- Looking for pthread.h
-- Looking for pthread.h - found
-- Performing Test CMAKE_HAVE_LIBC_PTHREAD
-- Performing Test CMAKE_HAVE_LIBC_PTHREAD - Success
-- Found Threads: TRUE  
-- Found nav2_msgs: 1.1.15 (/opt/ros/humble/share/nav2_msgs/cmake)
-- Found tf2: 0.25.7 (/opt/ros/humble/share/tf2/cmake)
-- Found tf2_geometry_msgs: 0.25.7 (/opt/ros/humble/share/tf2_geometry_msgs/cmake)
-- Found eigen3_cmake_module: 0.1.1 (/opt/ros/humble/share/eigen3_cmake_module/cmake)
-- Found Eigen3: TRUE (found version "3.4.0") 
-- Ensuring Eigen3 include directory is part of orocos-kdl CMake target
-- Found std_srvs: 4.2.4 (/opt/ros/humble/share/std_srvs/cmake)
-- Configuring done
-- Generating done
-- Build files have been written to: /home/student/ros2_ws/src/build/turtlebot3_goal_sender
[ 25%] [32mBuilding CXX object CMakeFiles/goal_publisher.dir/src/goal_publisher.cpp.o[0m
[ 50%] [32mBuilding CXX object CMakeFiles/goal_executor.dir/src/goal_executor.cpp.o[0m
[ 75%] [32m[1mLinking CXX executable goal_publisher[0m
[ 75%] Built target goal_publisher
[100%] [32m[1mLinking CXX executable goal_executor[0m
[100%] Built target goal_executor
-- Install configuration: ""
-- Installing: /home/student/ros2_ws/src/install/turtlebot3_goal_sender/lib/turtlebot3_goal_sender/goal_publisher
-- Set runtime path of "/home/student/ros2_ws/src/install/turtlebot3_goal_sender/lib/turtlebot3_goal_sender/goal_publisher" to ""
-- Installing: /home/student/ros2_ws/src/install/turtlebot3_goal_sender/lib/turtlebot3_goal_sender/goal_executor
-- Set runtime path of "/home/student/ros2_ws/src/install/turtlebot3_goal_sender/lib/turtlebot3_goal_sender/goal_executor" to ""
-- Installing: /home/student/ros2_ws/src/install/turtlebot3_goal_sender/share/ament_index/resource_index/package_run_dependencies/turtlebot3_goal_sender
-- Installing: /home/student/ros2_ws/src/install/turtlebot3_goal_sender/share/ament_index/resource_index/parent_prefix_path/turtlebot3_goal_sender
-- Installing: /home/student/ros2_ws/src/install/turtlebot3_goal_sender/share/turtlebot3_goal_sender/environment/ament_prefix_path.sh
-- Installing: /home/student/ros2_ws/src/install/turtlebot3_goal_sender/share/turtlebot3_goal_sender/environment/ament_prefix_path.dsv
-- Installing: /home/student/ros2_ws/src/install/turtlebot3_goal_sender/share/turtlebot3_goal_sender/environment/path.sh
-- Installing: /home/student/ros2_ws/src/install/turtlebot3_goal_sender/share/turtlebot3_goal_sender/environment/path.dsv
-- Installing: /home/student/ros2_ws/src/install/turtlebot3_goal_sender/share/turtlebot3_goal_sender/local_setup.bash
-- Installing: /home/student/ros2_ws/src/install/turtlebot3_goal_sender/share/turtlebot3_goal_sender/local_setup.sh
-- Installing: /home/student/ros2_ws/src/install/turtlebot3_goal_sender/share/turtlebot3_goal_sender/local_setup.zsh
-- Installing: /home/student/ros2_ws/src/install/turtlebot3_goal_sender/share/turtlebot3_goal_sender/local_setup.dsv
-- Installing: /home/student/ros2_ws/src/install/turtlebot3_goal_sender/share/turtlebot3_goal_sender/package.dsv
-- Installing: /home/student/ros2_ws/src/install/turtlebot3_goal_sender/share/ament_index/resource_index/packages/turtlebot3_goal_sender
-- Installing: /home/student/ros2_ws/src/install/turtlebot3_goal_sender/share/turtlebot3_goal_sender/cmake/turtlebot3_goal_senderConfig.cmake
-- Installing: /home/student/ros2_ws/src/install/turtlebot3_goal_sender/share/turtlebot3_goal_sender/cmake/turtlebot3_goal_senderConfig-version.cmake
-- Installing: /home/student/ros2_ws/src/install/turtlebot3_goal_sender/share/turtlebot3_goal_sender/package.xml
